C:\Program Files (x86)\Microsoft Visual Studio\2019\Community\MSBuild\Current\Bin\Microsoft.Common.CurrentVersion.targets(1889,5): warning : The referenced project '..\..\..\external\SDL\VisualC\SDLmain\SDLmain.vcxproj' does not exist.
C:\Program Files (x86)\Microsoft Visual Studio\2019\Community\MSBuild\Current\Bin\Microsoft.Common.CurrentVersion.targets(1889,5): warning : The referenced project '..\..\..\external\SDL\VisualC\SDL\SDL.vcxproj' does not exist.
C:\Program Files (x86)\Microsoft Visual Studio\2019\Community\MSBuild\Microsoft\VC\v150\Platforms\x64\PlatformToolsets\v141_xp\Toolset.targets(39,5): warning MSB8051: Support for targeting Windows XP is deprecated and will not be present in future releases of Visual Studio. Please see https://go.microsoft.com/fwlink/?linkid=2023588 for more information.
C:\Program Files (x86)\Microsoft Visual Studio\2019\Community\MSBuild\Microsoft\VC\v150\Microsoft.CppBuild.targets(391,5): warning MSB8028: The intermediate directory (x64\Debug\) contains files shared from another project (build68k.vcxproj, gencomp.vcxproj, gencpu.vcxproj).  This can lead to incorrect clean and rebuild behavior.
  Generating CPU emulation sources...
  adb.cpp
C:\Users\edwar\OneDrive\Documents\macemu\BasiliskII\src\uae_cpu\memory.h(129): warning C4312: 'type cast': conversion from 'uintptr' to 'uint8 *' of greater size
C:\Users\edwar\OneDrive\Documents\macemu\BasiliskII\src\uae_cpu\memory.h(133): warning C4311: 'type cast': pointer truncation from 'uint8 *' to 'uintptr'
C:\Users\edwar\OneDrive\Documents\macemu\BasiliskII\src\uae_cpu\memory.h(133): warning C4302: 'type cast': truncation from 'uint8 *' to 'uintptr'
  audio.cpp
C:\Users\edwar\OneDrive\Documents\macemu\BasiliskII\src\uae_cpu\memory.h(129): warning C4312: 'type cast': conversion from 'uintptr' to 'uint8 *' of greater size
C:\Users\edwar\OneDrive\Documents\macemu\BasiliskII\src\uae_cpu\memory.h(133): warning C4311: 'type cast': pointer truncation from 'uint8 *' to 'uintptr'
C:\Users\edwar\OneDrive\Documents\macemu\BasiliskII\src\uae_cpu\memory.h(133): warning C4302: 'type cast': truncation from 'uint8 *' to 'uintptr'
C:\Users\edwar\OneDrive\Documents\macemu\BasiliskII\src\audio.cpp(85): warning C4267: '=': conversion from 'size_t' to 'uint32', possible loss of data
C:\Users\edwar\OneDrive\Documents\macemu\BasiliskII\src\audio.cpp(90): warning C4267: 'argument': conversion from 'size_t' to 'uint32', possible loss of data
C:\Users\edwar\OneDrive\Documents\macemu\BasiliskII\src\audio.cpp(103): warning C4267: '=': conversion from 'size_t' to 'uint32', possible loss of data
C:\Users\edwar\OneDrive\Documents\macemu\BasiliskII\src\audio.cpp(108): warning C4267: 'argument': conversion from 'size_t' to 'uint32', possible loss of data
C:\Users\edwar\OneDrive\Documents\macemu\BasiliskII\src\audio.cpp(121): warning C4267: '=': conversion from 'size_t' to 'uint32', possible loss of data
C:\Users\edwar\OneDrive\Documents\macemu\BasiliskII\src\audio.cpp(126): warning C4267: 'argument': conversion from 'size_t' to 'uint32', possible loss of data
  cdrom.cpp
C:\Users\edwar\OneDrive\Documents\macemu\BasiliskII\src\uae_cpu\memory.h(129): warning C4312: 'type cast': conversion from 'uintptr' to 'uint8 *' of greater size
C:\Users\edwar\OneDrive\Documents\macemu\BasiliskII\src\uae_cpu\memory.h(133): warning C4311: 'type cast': pointer truncation from 'uint8 *' to 'uintptr'
C:\Users\edwar\OneDrive\Documents\macemu\BasiliskII\src\uae_cpu\memory.h(133): warning C4302: 'type cast': truncation from 'uint8 *' to 'uintptr'
C:\Users\edwar\OneDrive\Documents\macemu\BasiliskII\src\cdrom.cpp(503): warning C4267: 'argument': conversion from 'size_t' to 'uint32', possible loss of data
C:\Users\edwar\OneDrive\Documents\macemu\BasiliskII\src\cdrom.cpp(504): warning C4267: 'argument': conversion from 'size_t' to 'uint32', possible loss of data
  disk.cpp
C:\Users\edwar\OneDrive\Documents\macemu\BasiliskII\src\uae_cpu\memory.h(129): warning C4312: 'type cast': conversion from 'uintptr' to 'uint8 *' of greater size
C:\Users\edwar\OneDrive\Documents\macemu\BasiliskII\src\uae_cpu\memory.h(133): warning C4311: 'type cast': pointer truncation from 'uint8 *' to 'uintptr'
C:\Users\edwar\OneDrive\Documents\macemu\BasiliskII\src\uae_cpu\memory.h(133): warning C4302: 'type cast': truncation from 'uint8 *' to 'uintptr'
C:\Users\edwar\OneDrive\Documents\macemu\BasiliskII\src\disk.cpp(352): warning C4267: 'argument': conversion from 'size_t' to 'uint32', possible loss of data
C:\Users\edwar\OneDrive\Documents\macemu\BasiliskII\src\disk.cpp(353): warning C4267: 'argument': conversion from 'size_t' to 'uint32', possible loss of data
  emul_op.cpp
C:\Users\edwar\OneDrive\Documents\macemu\BasiliskII\src\uae_cpu\memory.h(129): warning C4312: 'type cast': conversion from 'uintptr' to 'uint8 *' of greater size
C:\Users\edwar\OneDrive\Documents\macemu\BasiliskII\src\uae_cpu\memory.h(133): warning C4311: 'type cast': pointer truncation from 'uint8 *' to 'uintptr'
C:\Users\edwar\OneDrive\Documents\macemu\BasiliskII\src\uae_cpu\memory.h(133): warning C4302: 'type cast': truncation from 'uint8 *' to 'uintptr'
  ether.cpp
C:\Users\edwar\OneDrive\Documents\macemu\BasiliskII\src\uae_cpu\memory.h(129): warning C4312: 'type cast': conversion from 'uintptr' to 'uint8 *' of greater size
C:\Users\edwar\OneDrive\Documents\macemu\BasiliskII\src\uae_cpu\memory.h(133): warning C4311: 'type cast': pointer truncation from 'uint8 *' to 'uintptr'
C:\Users\edwar\OneDrive\Documents\macemu\BasiliskII\src\uae_cpu\memory.h(133): warning C4302: 'type cast': truncation from 'uint8 *' to 'uintptr'
  extfs.cpp
C:\Users\edwar\OneDrive\Documents\macemu\BasiliskII\src\uae_cpu\memory.h(129): warning C4312: 'type cast': conversion from 'uintptr' to 'uint8 *' of greater size
C:\Users\edwar\OneDrive\Documents\macemu\BasiliskII\src\uae_cpu\memory.h(133): warning C4311: 'type cast': pointer truncation from 'uint8 *' to 'uintptr'
C:\Users\edwar\OneDrive\Documents\macemu\BasiliskII\src\uae_cpu\memory.h(133): warning C4302: 'type cast': truncation from 'uint8 *' to 'uintptr'
C:\Users\edwar\OneDrive\Documents\macemu\BasiliskII\src\extfs.cpp(1881): warning C4244: 'argument': conversion from 'ssize_t' to 'uint32', possible loss of data
C:\Users\edwar\OneDrive\Documents\macemu\BasiliskII\src\extfs.cpp(1935): warning C4244: 'argument': conversion from 'ssize_t' to 'uint32', possible loss of data
  macos_util.cpp
C:\Users\edwar\OneDrive\Documents\macemu\BasiliskII\src\uae_cpu\memory.h(129): warning C4312: 'type cast': conversion from 'uintptr' to 'uint8 *' of greater size
C:\Users\edwar\OneDrive\Documents\macemu\BasiliskII\src\uae_cpu\memory.h(133): warning C4311: 'type cast': pointer truncation from 'uint8 *' to 'uintptr'
C:\Users\edwar\OneDrive\Documents\macemu\BasiliskII\src\uae_cpu\memory.h(133): warning C4302: 'type cast': truncation from 'uint8 *' to 'uintptr'
C:\Users\edwar\OneDrive\Documents\macemu\BasiliskII\src\macos_util.cpp(158): warning C4018: '>': signed/unsigned mismatch
  main.cpp
C:\Users\edwar\OneDrive\Documents\macemu\BasiliskII\src\uae_cpu\memory.h(129): warning C4312: 'type cast': conversion from 'uintptr' to 'uint8 *' of greater size
C:\Users\edwar\OneDrive\Documents\macemu\BasiliskII\src\uae_cpu\memory.h(133): warning C4311: 'type cast': pointer truncation from 'uint8 *' to 'uintptr'
C:\Users\edwar\OneDrive\Documents\macemu\BasiliskII\src\uae_cpu\memory.h(133): warning C4302: 'type cast': truncation from 'uint8 *' to 'uintptr'
  prefs.cpp
C:\Users\edwar\OneDrive\Documents\macemu\BasiliskII\src\prefs.cpp(255): warning C4267: 'argument': conversion from 'size_t' to 'int', possible loss of data
C:\Users\edwar\OneDrive\Documents\macemu\BasiliskII\src\prefs.cpp(296): warning C4267: 'argument': conversion from 'size_t' to 'int', possible loss of data
C:\Users\edwar\OneDrive\Documents\macemu\BasiliskII\src\prefs.cpp(392): warning C4267: 'initializing': conversion from 'size_t' to 'int', possible loss of data
  prefs_items.cpp
  rom_patches.cpp
C:\Users\edwar\OneDrive\Documents\macemu\BasiliskII\src\uae_cpu\memory.h(129): warning C4312: 'type cast': conversion from 'uintptr' to 'uint8 *' of greater size
C:\Users\edwar\OneDrive\Documents\macemu\BasiliskII\src\uae_cpu\memory.h(133): warning C4311: 'type cast': pointer truncation from 'uint8 *' to 'uintptr'
C:\Users\edwar\OneDrive\Documents\macemu\BasiliskII\src\uae_cpu\memory.h(133): warning C4302: 'type cast': truncation from 'uint8 *' to 'uintptr'
C:\Users\edwar\OneDrive\Documents\macemu\BasiliskII\src\rom_patches.cpp(949): warning C4244: '=': conversion from '__int64' to 'uint32', possible loss of data
C:\Users\edwar\OneDrive\Documents\macemu\BasiliskII\src\rom_patches.cpp(954): warning C4244: '=': conversion from '__int64' to 'uint32', possible loss of data
C:\Users\edwar\OneDrive\Documents\macemu\BasiliskII\src\rom_patches.cpp(1589): warning C4244: '=': conversion from '__int64' to 'uint32', possible loss of data
C:\Users\edwar\OneDrive\Documents\macemu\BasiliskII\src\rom_patches.cpp(1594): warning C4244: '=': conversion from '__int64' to 'uint32', possible loss of data
  rsrc_patches.cpp
C:\Users\edwar\OneDrive\Documents\macemu\BasiliskII\src\uae_cpu\memory.h(129): warning C4312: 'type cast': conversion from 'uintptr' to 'uint8 *' of greater size
C:\Users\edwar\OneDrive\Documents\macemu\BasiliskII\src\uae_cpu\memory.h(133): warning C4311: 'type cast': pointer truncation from 'uint8 *' to 'uintptr'
C:\Users\edwar\OneDrive\Documents\macemu\BasiliskII\src\uae_cpu\memory.h(133): warning C4302: 'type cast': truncation from 'uint8 *' to 'uintptr'
  scsi.cpp
C:\Users\edwar\OneDrive\Documents\macemu\BasiliskII\src\uae_cpu\memory.h(129): warning C4312: 'type cast': conversion from 'uintptr' to 'uint8 *' of greater size
C:\Users\edwar\OneDrive\Documents\macemu\BasiliskII\src\uae_cpu\memory.h(133): warning C4311: 'type cast': pointer truncation from 'uint8 *' to 'uintptr'
C:\Users\edwar\OneDrive\Documents\macemu\BasiliskII\src\uae_cpu\memory.h(133): warning C4302: 'type cast': truncation from 'uint8 *' to 'uintptr'
  serial.cpp
C:\Users\edwar\OneDrive\Documents\macemu\BasiliskII\src\uae_cpu\memory.h(129): warning C4312: 'type cast': conversion from 'uintptr' to 'uint8 *' of greater size
C:\Users\edwar\OneDrive\Documents\macemu\BasiliskII\src\uae_cpu\memory.h(133): warning C4311: 'type cast': pointer truncation from 'uint8 *' to 'uintptr'
C:\Users\edwar\OneDrive\Documents\macemu\BasiliskII\src\uae_cpu\memory.h(133): warning C4302: 'type cast': truncation from 'uint8 *' to 'uintptr'
  slot_rom.cpp
C:\Users\edwar\OneDrive\Documents\macemu\BasiliskII\src\uae_cpu\memory.h(129): warning C4312: 'type cast': conversion from 'uintptr' to 'uint8 *' of greater size
C:\Users\edwar\OneDrive\Documents\macemu\BasiliskII\src\uae_cpu\memory.h(133): warning C4311: 'type cast': pointer truncation from 'uint8 *' to 'uintptr'
C:\Users\edwar\OneDrive\Documents\macemu\BasiliskII\src\uae_cpu\memory.h(133): warning C4302: 'type cast': truncation from 'uint8 *' to 'uintptr'
  sony.cpp
C:\Users\edwar\OneDrive\Documents\macemu\BasiliskII\src\uae_cpu\memory.h(129): warning C4312: 'type cast': conversion from 'uintptr' to 'uint8 *' of greater size
C:\Users\edwar\OneDrive\Documents\macemu\BasiliskII\src\uae_cpu\memory.h(133): warning C4311: 'type cast': pointer truncation from 'uint8 *' to 'uintptr'
C:\Users\edwar\OneDrive\Documents\macemu\BasiliskII\src\uae_cpu\memory.h(133): warning C4302: 'type cast': truncation from 'uint8 *' to 'uintptr'
C:\Users\edwar\OneDrive\Documents\macemu\BasiliskII\src\sony.cpp(373): warning C4267: 'argument': conversion from 'size_t' to 'uint32', possible loss of data
C:\Users\edwar\OneDrive\Documents\macemu\BasiliskII\src\sony.cpp(374): warning C4267: 'argument': conversion from 'size_t' to 'uint32', possible loss of data
  timer.cpp
C:\Users\edwar\OneDrive\Documents\macemu\BasiliskII\src\uae_cpu\memory.h(129): warning C4312: 'type cast': conversion from 'uintptr' to 'uint8 *' of greater size
C:\Users\edwar\OneDrive\Documents\macemu\BasiliskII\src\uae_cpu\memory.h(133): warning C4311: 'type cast': pointer truncation from 'uint8 *' to 'uintptr'
C:\Users\edwar\OneDrive\Documents\macemu\BasiliskII\src\uae_cpu\memory.h(133): warning C4302: 'type cast': truncation from 'uint8 *' to 'uintptr'
  user_strings.cpp
  video.cpp
C:\Users\edwar\OneDrive\Documents\macemu\BasiliskII\src\uae_cpu\memory.h(129): warning C4312: 'type cast': conversion from 'uintptr' to 'uint8 *' of greater size
C:\Users\edwar\OneDrive\Documents\macemu\BasiliskII\src\uae_cpu\memory.h(133): warning C4311: 'type cast': pointer truncation from 'uint8 *' to 'uintptr'
C:\Users\edwar\OneDrive\Documents\macemu\BasiliskII\src\uae_cpu\memory.h(133): warning C4302: 'type cast': truncation from 'uint8 *' to 'uintptr'
  Generating Code...
  Compiling...
  xpram.cpp
  Generating Code...
  sigsegv.cpp
  video_blit.cpp
  vm_alloc.cpp
C:\Users\edwar\OneDrive\Documents\macemu\BasiliskII\src\CrossPlatform\vm_alloc.cpp(140): warning C4244: 'return': conversion from 'vm_uintptr_t' to 'DWORD', possible loss of data
C:\Users\edwar\OneDrive\Documents\macemu\BasiliskII\src\CrossPlatform\vm_alloc.cpp(335): warning C4267: 'argument': conversion from 'size_t' to 'DWORD', possible loss of data
C:\Users\edwar\OneDrive\Documents\macemu\BasiliskII\src\CrossPlatform\vm_alloc.cpp(460): warning C4244: 'return': conversion from 'vm_uintptr_t' to 'int', possible loss of data
  Generating Code...
  prefs_editor_dummy.cpp
  scsi_dummy.cpp
  Generating Code...
  audio_sdl.cpp
C:\Users\edwar\OneDrive\Documents\macemu\BasiliskII\src\uae_cpu\memory.h(129): warning C4312: 'type cast': conversion from 'uintptr' to 'uint8 *' of greater size
C:\Users\edwar\OneDrive\Documents\macemu\BasiliskII\src\uae_cpu\memory.h(133): warning C4311: 'type cast': pointer truncation from 'uint8 *' to 'uintptr'
C:\Users\edwar\OneDrive\Documents\macemu\BasiliskII\src\uae_cpu\memory.h(133): warning C4302: 'type cast': truncation from 'uint8 *' to 'uintptr'
C:\Users\edwar\OneDrive\Documents\macemu\BasiliskII\src\SDL\audio_sdl.cpp(85): warning C4267: '=': conversion from 'size_t' to 'int', possible loss of data
C:\Users\edwar\OneDrive\Documents\macemu\BasiliskII\src\SDL\audio_sdl.cpp(86): warning C4267: '=': conversion from 'size_t' to 'int', possible loss of data
C:\Users\edwar\OneDrive\Documents\macemu\BasiliskII\src\SDL\audio_sdl.cpp(87): warning C4267: '=': conversion from 'size_t' to 'int', possible loss of data
  video_sdl.cpp
  video_sdl2.cpp
C:\Users\edwar\OneDrive\Documents\macemu\BasiliskII\src\uae_cpu\memory.h(129): warning C4312: 'type cast': conversion from 'uintptr' to 'uint8 *' of greater size
C:\Users\edwar\OneDrive\Documents\macemu\BasiliskII\src\uae_cpu\memory.h(133): warning C4311: 'type cast': pointer truncation from 'uint8 *' to 'uintptr'
C:\Users\edwar\OneDrive\Documents\macemu\BasiliskII\src\uae_cpu\memory.h(133): warning C4302: 'type cast': truncation from 'uint8 *' to 'uintptr'
C:\Users\edwar\OneDrive\Documents\macemu\BasiliskII\src\SDL\video_sdl2.cpp(1265): warning C4267: 'initializing': conversion from 'size_t' to 'int', possible loss of data
C:\Users\edwar\OneDrive\Documents\macemu\BasiliskII\src\SDL\video_sdl2.cpp(1967): warning C4018: '<': signed/unsigned mismatch
C:\Users\edwar\OneDrive\Documents\macemu\BasiliskII\src\SDL\video_sdl2.cpp(1968): warning C4018: '<': signed/unsigned mismatch
  Generating Code...
  bootp.c
C:\Users\edwar\OneDrive\Documents\macemu\BasiliskII\src\slirp\slirp.h(39): warning C4005: 'EWOULDBLOCK': macro redefinition
  C:\Program Files (x86)\Windows Kits\10\Include\10.0.10240.0\ucrt\errno.h(124): note: see previous definition of 'EWOULDBLOCK'
C:\Users\edwar\OneDrive\Documents\macemu\BasiliskII\src\slirp\slirp.h(40): warning C4005: 'EINPROGRESS': macro redefinition
  C:\Program Files (x86)\Windows Kits\10\Include\10.0.10240.0\ucrt\errno.h(96): note: see previous definition of 'EINPROGRESS'
C:\Users\edwar\OneDrive\Documents\macemu\BasiliskII\src\slirp\slirp.h(41): warning C4005: 'ENOTCONN': macro redefinition
  C:\Program Files (x86)\Windows Kits\10\Include\10.0.10240.0\ucrt\errno.h(110): note: see previous definition of 'ENOTCONN'
C:\Users\edwar\OneDrive\Documents\macemu\BasiliskII\src\slirp\slirp.h(42): warning C4005: 'EHOSTUNREACH': macro redefinition
  C:\Program Files (x86)\Windows Kits\10\Include\10.0.10240.0\ucrt\errno.h(94): note: see previous definition of 'EHOSTUNREACH'
C:\Users\edwar\OneDrive\Documents\macemu\BasiliskII\src\slirp\slirp.h(43): warning C4005: 'ENETUNREACH': macro redefinition
  C:\Program Files (x86)\Windows Kits\10\Include\10.0.10240.0\ucrt\errno.h(102): note: see previous definition of 'ENETUNREACH'
C:\Users\edwar\OneDrive\Documents\macemu\BasiliskII\src\slirp\slirp.h(44): warning C4005: 'ECONNREFUSED': macro redefinition
  C:\Program Files (x86)\Windows Kits\10\Include\10.0.10240.0\ucrt\errno.h(91): note: see previous definition of 'ECONNREFUSED'
C:\Users\edwar\OneDrive\Documents\macemu\BasiliskII\src\slirp\ip.h(101): warning C4086: expected pragma parameter to be '1', '2', '4', '8', or '16'
C:\Users\edwar\OneDrive\Documents\macemu\BasiliskII\src\slirp\ip.h(171): warning C4086: expected pragma parameter to be '1', '2', '4', '8', or '16'
C:\Users\edwar\OneDrive\Documents\macemu\BasiliskII\src\slirp\ip.h(229): warning C4086: expected pragma parameter to be '1', '2', '4', '8', or '16'
C:\Users\edwar\OneDrive\Documents\macemu\BasiliskII\src\slirp\tcp.h(81): warning C4086: expected pragma parameter to be '1', '2', '4', '8', or '16'
C:\Users\edwar\OneDrive\Documents\macemu\BasiliskII\src\slirp\udp.h(57): warning C4086: expected pragma parameter to be '1', '2', '4', '8', or '16'
C:\Users\edwar\OneDrive\Documents\macemu\BasiliskII\src\slirp\bootp.h(118): warning C4086: expected pragma parameter to be '1', '2', '4', '8', or '16'
C:\Users\edwar\OneDrive\Documents\macemu\BasiliskII\src\slirp\tftp.h(37): warning C4086: expected pragma parameter to be '1', '2', '4', '8', or '16'
C:\Users\edwar\OneDrive\Documents\macemu\BasiliskII\src\slirp\bootp.c(221): warning C4267: '=': conversion from 'size_t' to 'int', possible loss of data
  cksum.c
C:\Users\edwar\OneDrive\Documents\macemu\BasiliskII\src\slirp\slirp.h(39): warning C4005: 'EWOULDBLOCK': macro redefinition
  C:\Program Files (x86)\Windows Kits\10\Include\10.0.10240.0\ucrt\errno.h(124): note: see previous definition of 'EWOULDBLOCK'
C:\Users\edwar\OneDrive\Documents\macemu\BasiliskII\src\slirp\slirp.h(40): warning C4005: 'EINPROGRESS': macro redefinition
  C:\Program Files (x86)\Windows Kits\10\Include\10.0.10240.0\ucrt\errno.h(96): note: see previous definition of 'EINPROGRESS'
C:\Users\edwar\OneDrive\Documents\macemu\BasiliskII\src\slirp\slirp.h(41): warning C4005: 'ENOTCONN': macro redefinition
  C:\Program Files (x86)\Windows Kits\10\Include\10.0.10240.0\ucrt\errno.h(110): note: see previous definition of 'ENOTCONN'
C:\Users\edwar\OneDrive\Documents\macemu\BasiliskII\src\slirp\slirp.h(42): warning C4005: 'EHOSTUNREACH': macro redefinition
  C:\Program Files (x86)\Windows Kits\10\Include\10.0.10240.0\ucrt\errno.h(94): note: see previous definition of 'EHOSTUNREACH'
C:\Users\edwar\OneDrive\Documents\macemu\BasiliskII\src\slirp\slirp.h(43): warning C4005: 'ENETUNREACH': macro redefinition
  C:\Program Files (x86)\Windows Kits\10\Include\10.0.10240.0\ucrt\errno.h(102): note: see previous definition of 'ENETUNREACH'
C:\Users\edwar\OneDrive\Documents\macemu\BasiliskII\src\slirp\slirp.h(44): warning C4005: 'ECONNREFUSED': macro redefinition
  C:\Program Files (x86)\Windows Kits\10\Include\10.0.10240.0\ucrt\errno.h(91): note: see previous definition of 'ECONNREFUSED'
C:\Users\edwar\OneDrive\Documents\macemu\BasiliskII\src\slirp\ip.h(101): warning C4086: expected pragma parameter to be '1', '2', '4', '8', or '16'
C:\Users\edwar\OneDrive\Documents\macemu\BasiliskII\src\slirp\ip.h(171): warning C4086: expected pragma parameter to be '1', '2', '4', '8', or '16'
C:\Users\edwar\OneDrive\Documents\macemu\BasiliskII\src\slirp\ip.h(229): warning C4086: expected pragma parameter to be '1', '2', '4', '8', or '16'
C:\Users\edwar\OneDrive\Documents\macemu\BasiliskII\src\slirp\tcp.h(81): warning C4086: expected pragma parameter to be '1', '2', '4', '8', or '16'
C:\Users\edwar\OneDrive\Documents\macemu\BasiliskII\src\slirp\udp.h(57): warning C4086: expected pragma parameter to be '1', '2', '4', '8', or '16'
C:\Users\edwar\OneDrive\Documents\macemu\BasiliskII\src\slirp\bootp.h(118): warning C4086: expected pragma parameter to be '1', '2', '4', '8', or '16'
C:\Users\edwar\OneDrive\Documents\macemu\BasiliskII\src\slirp\tftp.h(37): warning C4086: expected pragma parameter to be '1', '2', '4', '8', or '16'
C:\Users\edwar\OneDrive\Documents\macemu\BasiliskII\src\slirp\cksum.c(75): warning C4311: 'type cast': pointer truncation from 'u_int16_t *' to 'long'
  debug.c
C:\Users\edwar\OneDrive\Documents\macemu\BasiliskII\src\slirp\slirp.h(39): warning C4005: 'EWOULDBLOCK': macro redefinition
  C:\Program Files (x86)\Windows Kits\10\Include\10.0.10240.0\ucrt\errno.h(124): note: see previous definition of 'EWOULDBLOCK'
C:\Users\edwar\OneDrive\Documents\macemu\BasiliskII\src\slirp\slirp.h(40): warning C4005: 'EINPROGRESS': macro redefinition
  C:\Program Files (x86)\Windows Kits\10\Include\10.0.10240.0\ucrt\errno.h(96): note: see previous definition of 'EINPROGRESS'
C:\Users\edwar\OneDrive\Documents\macemu\BasiliskII\src\slirp\slirp.h(41): warning C4005: 'ENOTCONN': macro redefinition
  C:\Program Files (x86)\Windows Kits\10\Include\10.0.10240.0\ucrt\errno.h(110): note: see previous definition of 'ENOTCONN'
C:\Users\edwar\OneDrive\Documents\macemu\BasiliskII\src\slirp\slirp.h(42): warning C4005: 'EHOSTUNREACH': macro redefinition
  C:\Program Files (x86)\Windows Kits\10\Include\10.0.10240.0\ucrt\errno.h(94): note: see previous definition of 'EHOSTUNREACH'
C:\Users\edwar\OneDrive\Documents\macemu\BasiliskII\src\slirp\slirp.h(43): warning C4005: 'ENETUNREACH': macro redefinition
  C:\Program Files (x86)\Windows Kits\10\Include\10.0.10240.0\ucrt\errno.h(102): note: see previous definition of 'ENETUNREACH'
C:\Users\edwar\OneDrive\Documents\macemu\BasiliskII\src\slirp\slirp.h(44): warning C4005: 'ECONNREFUSED': macro redefinition
  C:\Program Files (x86)\Windows Kits\10\Include\10.0.10240.0\ucrt\errno.h(91): note: see previous definition of 'ECONNREFUSED'
C:\Users\edwar\OneDrive\Documents\macemu\BasiliskII\src\slirp\ip.h(101): warning C4086: expected pragma parameter to be '1', '2', '4', '8', or '16'
C:\Users\edwar\OneDrive\Documents\macemu\BasiliskII\src\slirp\ip.h(171): warning C4086: expected pragma parameter to be '1', '2', '4', '8', or '16'
C:\Users\edwar\OneDrive\Documents\macemu\BasiliskII\src\slirp\ip.h(229): warning C4086: expected pragma parameter to be '1', '2', '4', '8', or '16'
C:\Users\edwar\OneDrive\Documents\macemu\BasiliskII\src\slirp\tcp.h(81): warning C4086: expected pragma parameter to be '1', '2', '4', '8', or '16'
C:\Users\edwar\OneDrive\Documents\macemu\BasiliskII\src\slirp\udp.h(57): warning C4086: expected pragma parameter to be '1', '2', '4', '8', or '16'
C:\Users\edwar\OneDrive\Documents\macemu\BasiliskII\src\slirp\bootp.h(118): warning C4086: expected pragma parameter to be '1', '2', '4', '8', or '16'
C:\Users\edwar\OneDrive\Documents\macemu\BasiliskII\src\slirp\tftp.h(37): warning C4086: expected pragma parameter to be '1', '2', '4', '8', or '16'
C:\Users\edwar\OneDrive\Documents\macemu\BasiliskII\src\slirp\debug.c(19): warning C4273: 'strerror': inconsistent dll linkage
  C:\Program Files (x86)\Windows Kits\10\Include\10.0.10240.0\ucrt\string.h(178): note: see previous definition of 'strerror'
  if.c
C:\Users\edwar\OneDrive\Documents\macemu\BasiliskII\src\slirp\slirp.h(39): warning C4005: 'EWOULDBLOCK': macro redefinition
  C:\Program Files (x86)\Windows Kits\10\Include\10.0.10240.0\ucrt\errno.h(124): note: see previous definition of 'EWOULDBLOCK'
C:\Users\edwar\OneDrive\Documents\macemu\BasiliskII\src\slirp\slirp.h(40): warning C4005: 'EINPROGRESS': macro redefinition
  C:\Program Files (x86)\Windows Kits\10\Include\10.0.10240.0\ucrt\errno.h(96): note: see previous definition of 'EINPROGRESS'
C:\Users\edwar\OneDrive\Documents\macemu\BasiliskII\src\slirp\slirp.h(41): warning C4005: 'ENOTCONN': macro redefinition
  C:\Program Files (x86)\Windows Kits\10\Include\10.0.10240.0\ucrt\errno.h(110): note: see previous definition of 'ENOTCONN'
C:\Users\edwar\OneDrive\Documents\macemu\BasiliskII\src\slirp\slirp.h(42): warning C4005: 'EHOSTUNREACH': macro redefinition
  C:\Program Files (x86)\Windows Kits\10\Include\10.0.10240.0\ucrt\errno.h(94): note: see previous definition of 'EHOSTUNREACH'
C:\Users\edwar\OneDrive\Documents\macemu\BasiliskII\src\slirp\slirp.h(43): warning C4005: 'ENETUNREACH': macro redefinition
  C:\Program Files (x86)\Windows Kits\10\Include\10.0.10240.0\ucrt\errno.h(102): note: see previous definition of 'ENETUNREACH'
C:\Users\edwar\OneDrive\Documents\macemu\BasiliskII\src\slirp\slirp.h(44): warning C4005: 'ECONNREFUSED': macro redefinition
  C:\Program Files (x86)\Windows Kits\10\Include\10.0.10240.0\ucrt\errno.h(91): note: see previous definition of 'ECONNREFUSED'
C:\Users\edwar\OneDrive\Documents\macemu\BasiliskII\src\slirp\ip.h(101): warning C4086: expected pragma parameter to be '1', '2', '4', '8', or '16'
C:\Users\edwar\OneDrive\Documents\macemu\BasiliskII\src\slirp\ip.h(171): warning C4086: expected pragma parameter to be '1', '2', '4', '8', or '16'
C:\Users\edwar\OneDrive\Documents\macemu\BasiliskII\src\slirp\ip.h(229): warning C4086: expected pragma parameter to be '1', '2', '4', '8', or '16'
C:\Users\edwar\OneDrive\Documents\macemu\BasiliskII\src\slirp\tcp.h(81): warning C4086: expected pragma parameter to be '1', '2', '4', '8', or '16'
C:\Users\edwar\OneDrive\Documents\macemu\BasiliskII\src\slirp\udp.h(57): warning C4086: expected pragma parameter to be '1', '2', '4', '8', or '16'
C:\Users\edwar\OneDrive\Documents\macemu\BasiliskII\src\slirp\bootp.h(118): warning C4086: expected pragma parameter to be '1', '2', '4', '8', or '16'
C:\Users\edwar\OneDrive\Documents\macemu\BasiliskII\src\slirp\tftp.h(37): warning C4086: expected pragma parameter to be '1', '2', '4', '8', or '16'
C:\Users\edwar\OneDrive\Documents\macemu\BasiliskII\src\slirp\if.c(168): warning C4311: 'type cast': pointer truncation from 'socket *' to 'long'
C:\Users\edwar\OneDrive\Documents\macemu\BasiliskII\src\slirp\if.c(169): warning C4311: 'type cast': pointer truncation from 'mbuf *' to 'long'
  ip_icmp.c
C:\Users\edwar\OneDrive\Documents\macemu\BasiliskII\src\slirp\slirp.h(39): warning C4005: 'EWOULDBLOCK': macro redefinition
  C:\Program Files (x86)\Windows Kits\10\Include\10.0.10240.0\ucrt\errno.h(124): note: see previous definition of 'EWOULDBLOCK'
C:\Users\edwar\OneDrive\Documents\macemu\BasiliskII\src\slirp\slirp.h(40): warning C4005: 'EINPROGRESS': macro redefinition
  C:\Program Files (x86)\Windows Kits\10\Include\10.0.10240.0\ucrt\errno.h(96): note: see previous definition of 'EINPROGRESS'
C:\Users\edwar\OneDrive\Documents\macemu\BasiliskII\src\slirp\slirp.h(41): warning C4005: 'ENOTCONN': macro redefinition
  C:\Program Files (x86)\Windows Kits\10\Include\10.0.10240.0\ucrt\errno.h(110): note: see previous definition of 'ENOTCONN'
C:\Users\edwar\OneDrive\Documents\macemu\BasiliskII\src\slirp\slirp.h(42): warning C4005: 'EHOSTUNREACH': macro redefinition
  C:\Program Files (x86)\Windows Kits\10\Include\10.0.10240.0\ucrt\errno.h(94): note: see previous definition of 'EHOSTUNREACH'
C:\Users\edwar\OneDrive\Documents\macemu\BasiliskII\src\slirp\slirp.h(43): warning C4005: 'ENETUNREACH': macro redefinition
  C:\Program Files (x86)\Windows Kits\10\Include\10.0.10240.0\ucrt\errno.h(102): note: see previous definition of 'ENETUNREACH'
C:\Users\edwar\OneDrive\Documents\macemu\BasiliskII\src\slirp\slirp.h(44): warning C4005: 'ECONNREFUSED': macro redefinition
  C:\Program Files (x86)\Windows Kits\10\Include\10.0.10240.0\ucrt\errno.h(91): note: see previous definition of 'ECONNREFUSED'
C:\Users\edwar\OneDrive\Documents\macemu\BasiliskII\src\slirp\ip.h(101): warning C4086: expected pragma parameter to be '1', '2', '4', '8', or '16'
C:\Users\edwar\OneDrive\Documents\macemu\BasiliskII\src\slirp\ip.h(171): warning C4086: expected pragma parameter to be '1', '2', '4', '8', or '16'
C:\Users\edwar\OneDrive\Documents\macemu\BasiliskII\src\slirp\ip.h(229): warning C4086: expected pragma parameter to be '1', '2', '4', '8', or '16'
C:\Users\edwar\OneDrive\Documents\macemu\BasiliskII\src\slirp\tcp.h(81): warning C4086: expected pragma parameter to be '1', '2', '4', '8', or '16'
C:\Users\edwar\OneDrive\Documents\macemu\BasiliskII\src\slirp\udp.h(57): warning C4086: expected pragma parameter to be '1', '2', '4', '8', or '16'
C:\Users\edwar\OneDrive\Documents\macemu\BasiliskII\src\slirp\bootp.h(118): warning C4086: expected pragma parameter to be '1', '2', '4', '8', or '16'
C:\Users\edwar\OneDrive\Documents\macemu\BasiliskII\src\slirp\tftp.h(37): warning C4086: expected pragma parameter to be '1', '2', '4', '8', or '16'
C:\Users\edwar\OneDrive\Documents\macemu\BasiliskII\src\slirp\ip_icmp.h(98): warning C4086: expected pragma parameter to be '1', '2', '4', '8', or '16'
C:\Users\edwar\OneDrive\Documents\macemu\BasiliskII\src\slirp\ip_icmp.c(79): warning C4311: 'type cast': pointer truncation from 'mbuf *' to 'long'
C:\Users\edwar\OneDrive\Documents\macemu\BasiliskII\src\slirp\ip_icmp.c(152): warning C4267: 'function': conversion from 'size_t' to 'int', possible loss of data
C:\Users\edwar\OneDrive\Documents\macemu\BasiliskII\src\slirp\ip_icmp.c(217): warning C4311: 'type cast': pointer truncation from 'mbuf *' to 'long'
C:\Users\edwar\OneDrive\Documents\macemu\BasiliskII\src\slirp\ip_icmp.c(286): warning C4267: '=': conversion from 'size_t' to 'int', possible loss of data
  ip_input.c
C:\Users\edwar\OneDrive\Documents\macemu\BasiliskII\src\slirp\slirp.h(39): warning C4005: 'EWOULDBLOCK': macro redefinition
  C:\Program Files (x86)\Windows Kits\10\Include\10.0.10240.0\ucrt\errno.h(124): note: see previous definition of 'EWOULDBLOCK'
C:\Users\edwar\OneDrive\Documents\macemu\BasiliskII\src\slirp\slirp.h(40): warning C4005: 'EINPROGRESS': macro redefinition
  C:\Program Files (x86)\Windows Kits\10\Include\10.0.10240.0\ucrt\errno.h(96): note: see previous definition of 'EINPROGRESS'
C:\Users\edwar\OneDrive\Documents\macemu\BasiliskII\src\slirp\slirp.h(41): warning C4005: 'ENOTCONN': macro redefinition
  C:\Program Files (x86)\Windows Kits\10\Include\10.0.10240.0\ucrt\errno.h(110): note: see previous definition of 'ENOTCONN'
C:\Users\edwar\OneDrive\Documents\macemu\BasiliskII\src\slirp\slirp.h(42): warning C4005: 'EHOSTUNREACH': macro redefinition
  C:\Program Files (x86)\Windows Kits\10\Include\10.0.10240.0\ucrt\errno.h(94): note: see previous definition of 'EHOSTUNREACH'
C:\Users\edwar\OneDrive\Documents\macemu\BasiliskII\src\slirp\slirp.h(43): warning C4005: 'ENETUNREACH': macro redefinition
  C:\Program Files (x86)\Windows Kits\10\Include\10.0.10240.0\ucrt\errno.h(102): note: see previous definition of 'ENETUNREACH'
C:\Users\edwar\OneDrive\Documents\macemu\BasiliskII\src\slirp\slirp.h(44): warning C4005: 'ECONNREFUSED': macro redefinition
  C:\Program Files (x86)\Windows Kits\10\Include\10.0.10240.0\ucrt\errno.h(91): note: see previous definition of 'ECONNREFUSED'
C:\Users\edwar\OneDrive\Documents\macemu\BasiliskII\src\slirp\ip.h(101): warning C4086: expected pragma parameter to be '1', '2', '4', '8', or '16'
C:\Users\edwar\OneDrive\Documents\macemu\BasiliskII\src\slirp\ip.h(171): warning C4086: expected pragma parameter to be '1', '2', '4', '8', or '16'
C:\Users\edwar\OneDrive\Documents\macemu\BasiliskII\src\slirp\ip.h(229): warning C4086: expected pragma parameter to be '1', '2', '4', '8', or '16'
C:\Users\edwar\OneDrive\Documents\macemu\BasiliskII\src\slirp\tcp.h(81): warning C4086: expected pragma parameter to be '1', '2', '4', '8', or '16'
C:\Users\edwar\OneDrive\Documents\macemu\BasiliskII\src\slirp\udp.h(57): warning C4086: expected pragma parameter to be '1', '2', '4', '8', or '16'
C:\Users\edwar\OneDrive\Documents\macemu\BasiliskII\src\slirp\bootp.h(118): warning C4086: expected pragma parameter to be '1', '2', '4', '8', or '16'
C:\Users\edwar\OneDrive\Documents\macemu\BasiliskII\src\slirp\tftp.h(37): warning C4086: expected pragma parameter to be '1', '2', '4', '8', or '16'
C:\Users\edwar\OneDrive\Documents\macemu\BasiliskII\src\slirp\ip_icmp.h(98): warning C4086: expected pragma parameter to be '1', '2', '4', '8', or '16'
C:\Users\edwar\OneDrive\Documents\macemu\BasiliskII\src\slirp\ip_input.c(84): warning C4311: 'type cast': pointer truncation from 'mbuf *' to 'long'
C:\Users\edwar\OneDrive\Documents\macemu\BasiliskII\src\slirp\ip_input.c(263): warning C4311: 'type cast': pointer truncation from 'ip *' to 'long'
C:\Users\edwar\OneDrive\Documents\macemu\BasiliskII\src\slirp\ip_input.c(264): warning C4311: 'type cast': pointer truncation from 'ipq *' to 'long'
C:\Users\edwar\OneDrive\Documents\macemu\BasiliskII\src\slirp\ip_input.c(265): warning C4311: 'type cast': pointer truncation from 'mbuf *' to 'long'
C:\Users\edwar\OneDrive\Documents\macemu\BasiliskII\src\slirp\ip_input.c(382): warning C4244: '=': conversion from '__int64' to 'int', possible loss of data
C:\Users\edwar\OneDrive\Documents\macemu\BasiliskII\src\slirp\ip_input.c(435): warning C4311: 'type cast': pointer truncation from 'ipasfrag *' to 'long'
  ip_output.c
C:\Users\edwar\OneDrive\Documents\macemu\BasiliskII\src\slirp\slirp.h(39): warning C4005: 'EWOULDBLOCK': macro redefinition
  C:\Program Files (x86)\Windows Kits\10\Include\10.0.10240.0\ucrt\errno.h(124): note: see previous definition of 'EWOULDBLOCK'
C:\Users\edwar\OneDrive\Documents\macemu\BasiliskII\src\slirp\slirp.h(40): warning C4005: 'EINPROGRESS': macro redefinition
  C:\Program Files (x86)\Windows Kits\10\Include\10.0.10240.0\ucrt\errno.h(96): note: see previous definition of 'EINPROGRESS'
C:\Users\edwar\OneDrive\Documents\macemu\BasiliskII\src\slirp\slirp.h(41): warning C4005: 'ENOTCONN': macro redefinition
  C:\Program Files (x86)\Windows Kits\10\Include\10.0.10240.0\ucrt\errno.h(110): note: see previous definition of 'ENOTCONN'
C:\Users\edwar\OneDrive\Documents\macemu\BasiliskII\src\slirp\slirp.h(42): warning C4005: 'EHOSTUNREACH': macro redefinition
  C:\Program Files (x86)\Windows Kits\10\Include\10.0.10240.0\ucrt\errno.h(94): note: see previous definition of 'EHOSTUNREACH'
C:\Users\edwar\OneDrive\Documents\macemu\BasiliskII\src\slirp\slirp.h(43): warning C4005: 'ENETUNREACH': macro redefinition
  C:\Program Files (x86)\Windows Kits\10\Include\10.0.10240.0\ucrt\errno.h(102): note: see previous definition of 'ENETUNREACH'
C:\Users\edwar\OneDrive\Documents\macemu\BasiliskII\src\slirp\slirp.h(44): warning C4005: 'ECONNREFUSED': macro redefinition
  C:\Program Files (x86)\Windows Kits\10\Include\10.0.10240.0\ucrt\errno.h(91): note: see previous definition of 'ECONNREFUSED'
C:\Users\edwar\OneDrive\Documents\macemu\BasiliskII\src\slirp\ip.h(101): warning C4086: expected pragma parameter to be '1', '2', '4', '8', or '16'
C:\Users\edwar\OneDrive\Documents\macemu\BasiliskII\src\slirp\ip.h(171): warning C4086: expected pragma parameter to be '1', '2', '4', '8', or '16'
C:\Users\edwar\OneDrive\Documents\macemu\BasiliskII\src\slirp\ip.h(229): warning C4086: expected pragma parameter to be '1', '2', '4', '8', or '16'
C:\Users\edwar\OneDrive\Documents\macemu\BasiliskII\src\slirp\tcp.h(81): warning C4086: expected pragma parameter to be '1', '2', '4', '8', or '16'
C:\Users\edwar\OneDrive\Documents\macemu\BasiliskII\src\slirp\udp.h(57): warning C4086: expected pragma parameter to be '1', '2', '4', '8', or '16'
C:\Users\edwar\OneDrive\Documents\macemu\BasiliskII\src\slirp\bootp.h(118): warning C4086: expected pragma parameter to be '1', '2', '4', '8', or '16'
C:\Users\edwar\OneDrive\Documents\macemu\BasiliskII\src\slirp\tftp.h(37): warning C4086: expected pragma parameter to be '1', '2', '4', '8', or '16'
C:\Users\edwar\OneDrive\Documents\macemu\BasiliskII\src\slirp\ip_output.c(62): warning C4311: 'type cast': pointer truncation from 'socket *' to 'long'
C:\Users\edwar\OneDrive\Documents\macemu\BasiliskII\src\slirp\ip_output.c(63): warning C4311: 'type cast': pointer truncation from 'mbuf *' to 'long'
  mbuf.c
C:\Users\edwar\OneDrive\Documents\macemu\BasiliskII\src\slirp\slirp.h(39): warning C4005: 'EWOULDBLOCK': macro redefinition
  C:\Program Files (x86)\Windows Kits\10\Include\10.0.10240.0\ucrt\errno.h(124): note: see previous definition of 'EWOULDBLOCK'
C:\Users\edwar\OneDrive\Documents\macemu\BasiliskII\src\slirp\slirp.h(40): warning C4005: 'EINPROGRESS': macro redefinition
  C:\Program Files (x86)\Windows Kits\10\Include\10.0.10240.0\ucrt\errno.h(96): note: see previous definition of 'EINPROGRESS'
C:\Users\edwar\OneDrive\Documents\macemu\BasiliskII\src\slirp\slirp.h(41): warning C4005: 'ENOTCONN': macro redefinition
  C:\Program Files (x86)\Windows Kits\10\Include\10.0.10240.0\ucrt\errno.h(110): note: see previous definition of 'ENOTCONN'
C:\Users\edwar\OneDrive\Documents\macemu\BasiliskII\src\slirp\slirp.h(42): warning C4005: 'EHOSTUNREACH': macro redefinition
  C:\Program Files (x86)\Windows Kits\10\Include\10.0.10240.0\ucrt\errno.h(94): note: see previous definition of 'EHOSTUNREACH'
C:\Users\edwar\OneDrive\Documents\macemu\BasiliskII\src\slirp\slirp.h(43): warning C4005: 'ENETUNREACH': macro redefinition
  C:\Program Files (x86)\Windows Kits\10\Include\10.0.10240.0\ucrt\errno.h(102): note: see previous definition of 'ENETUNREACH'
C:\Users\edwar\OneDrive\Documents\macemu\BasiliskII\src\slirp\slirp.h(44): warning C4005: 'ECONNREFUSED': macro redefinition
  C:\Program Files (x86)\Windows Kits\10\Include\10.0.10240.0\ucrt\errno.h(91): note: see previous definition of 'ECONNREFUSED'
C:\Users\edwar\OneDrive\Documents\macemu\BasiliskII\src\slirp\ip.h(101): warning C4086: expected pragma parameter to be '1', '2', '4', '8', or '16'
C:\Users\edwar\OneDrive\Documents\macemu\BasiliskII\src\slirp\ip.h(171): warning C4086: expected pragma parameter to be '1', '2', '4', '8', or '16'
C:\Users\edwar\OneDrive\Documents\macemu\BasiliskII\src\slirp\ip.h(229): warning C4086: expected pragma parameter to be '1', '2', '4', '8', or '16'
C:\Users\edwar\OneDrive\Documents\macemu\BasiliskII\src\slirp\tcp.h(81): warning C4086: expected pragma parameter to be '1', '2', '4', '8', or '16'
C:\Users\edwar\OneDrive\Documents\macemu\BasiliskII\src\slirp\udp.h(57): warning C4086: expected pragma parameter to be '1', '2', '4', '8', or '16'
C:\Users\edwar\OneDrive\Documents\macemu\BasiliskII\src\slirp\bootp.h(118): warning C4086: expected pragma parameter to be '1', '2', '4', '8', or '16'
C:\Users\edwar\OneDrive\Documents\macemu\BasiliskII\src\slirp\tftp.h(37): warning C4086: expected pragma parameter to be '1', '2', '4', '8', or '16'
C:\Users\edwar\OneDrive\Documents\macemu\BasiliskII\src\slirp\mbuf.c(88): warning C4311: 'type cast': pointer truncation from 'mbuf *' to 'long'
C:\Users\edwar\OneDrive\Documents\macemu\BasiliskII\src\slirp\mbuf.c(98): warning C4311: 'type cast': pointer truncation from 'mbuf *' to 'long'
C:\Users\edwar\OneDrive\Documents\macemu\BasiliskII\src\slirp\mbuf.c(156): warning C4244: '=': conversion from '__int64' to 'int', possible loss of data
C:\Users\edwar\OneDrive\Documents\macemu\BasiliskII\src\slirp\mbuf.c(164): warning C4244: '=': conversion from '__int64' to 'int', possible loss of data
C:\Users\edwar\OneDrive\Documents\macemu\BasiliskII\src\slirp\mbuf.c(230): warning C4311: 'type cast': pointer truncation from 'void *' to 'long'
  misc.c
C:\Users\edwar\OneDrive\Documents\macemu\BasiliskII\src\slirp\slirp.h(39): warning C4005: 'EWOULDBLOCK': macro redefinition
  C:\Program Files (x86)\Windows Kits\10\Include\10.0.10240.0\ucrt\errno.h(124): note: see previous definition of 'EWOULDBLOCK'
C:\Users\edwar\OneDrive\Documents\macemu\BasiliskII\src\slirp\slirp.h(40): warning C4005: 'EINPROGRESS': macro redefinition
  C:\Program Files (x86)\Windows Kits\10\Include\10.0.10240.0\ucrt\errno.h(96): note: see previous definition of 'EINPROGRESS'
C:\Users\edwar\OneDrive\Documents\macemu\BasiliskII\src\slirp\slirp.h(41): warning C4005: 'ENOTCONN': macro redefinition
  C:\Program Files (x86)\Windows Kits\10\Include\10.0.10240.0\ucrt\errno.h(110): note: see previous definition of 'ENOTCONN'
C:\Users\edwar\OneDrive\Documents\macemu\BasiliskII\src\slirp\slirp.h(42): warning C4005: 'EHOSTUNREACH': macro redefinition
  C:\Program Files (x86)\Windows Kits\10\Include\10.0.10240.0\ucrt\errno.h(94): note: see previous definition of 'EHOSTUNREACH'
C:\Users\edwar\OneDrive\Documents\macemu\BasiliskII\src\slirp\slirp.h(43): warning C4005: 'ENETUNREACH': macro redefinition
  C:\Program Files (x86)\Windows Kits\10\Include\10.0.10240.0\ucrt\errno.h(102): note: see previous definition of 'ENETUNREACH'
C:\Users\edwar\OneDrive\Documents\macemu\BasiliskII\src\slirp\slirp.h(44): warning C4005: 'ECONNREFUSED': macro redefinition
  C:\Program Files (x86)\Windows Kits\10\Include\10.0.10240.0\ucrt\errno.h(91): note: see previous definition of 'ECONNREFUSED'
C:\Users\edwar\OneDrive\Documents\macemu\BasiliskII\src\slirp\ip.h(101): warning C4086: expected pragma parameter to be '1', '2', '4', '8', or '16'
C:\Users\edwar\OneDrive\Documents\macemu\BasiliskII\src\slirp\ip.h(171): warning C4086: expected pragma parameter to be '1', '2', '4', '8', or '16'
C:\Users\edwar\OneDrive\Documents\macemu\BasiliskII\src\slirp\ip.h(229): warning C4086: expected pragma parameter to be '1', '2', '4', '8', or '16'
C:\Users\edwar\OneDrive\Documents\macemu\BasiliskII\src\slirp\tcp.h(81): warning C4086: expected pragma parameter to be '1', '2', '4', '8', or '16'
C:\Users\edwar\OneDrive\Documents\macemu\BasiliskII\src\slirp\udp.h(57): warning C4086: expected pragma parameter to be '1', '2', '4', '8', or '16'
C:\Users\edwar\OneDrive\Documents\macemu\BasiliskII\src\slirp\bootp.h(118): warning C4086: expected pragma parameter to be '1', '2', '4', '8', or '16'
C:\Users\edwar\OneDrive\Documents\macemu\BasiliskII\src\slirp\tftp.h(37): warning C4086: expected pragma parameter to be '1', '2', '4', '8', or '16'
C:\Users\edwar\OneDrive\Documents\macemu\BasiliskII\src\slirp\misc.c(155): warning C4013: 'strdup' undefined; assuming extern returning int
C:\Users\edwar\OneDrive\Documents\macemu\BasiliskII\src\slirp\misc.c(155): warning C4047: '=': 'char *' differs in levels of indirection from 'int'
C:\Users\edwar\OneDrive\Documents\macemu\BasiliskII\src\slirp\misc.c(628): warning C4047: '=': 'char *' differs in levels of indirection from 'int'
C:\Users\edwar\OneDrive\Documents\macemu\BasiliskII\src\slirp\misc.c(625): warning C4267: 'initializing': conversion from 'size_t' to 'int', possible loss of data
  sbuf.c
C:\Users\edwar\OneDrive\Documents\macemu\BasiliskII\src\slirp\slirp.h(39): warning C4005: 'EWOULDBLOCK': macro redefinition
  C:\Program Files (x86)\Windows Kits\10\Include\10.0.10240.0\ucrt\errno.h(124): note: see previous definition of 'EWOULDBLOCK'
C:\Users\edwar\OneDrive\Documents\macemu\BasiliskII\src\slirp\slirp.h(40): warning C4005: 'EINPROGRESS': macro redefinition
  C:\Program Files (x86)\Windows Kits\10\Include\10.0.10240.0\ucrt\errno.h(96): note: see previous definition of 'EINPROGRESS'
C:\Users\edwar\OneDrive\Documents\macemu\BasiliskII\src\slirp\slirp.h(41): warning C4005: 'ENOTCONN': macro redefinition
  C:\Program Files (x86)\Windows Kits\10\Include\10.0.10240.0\ucrt\errno.h(110): note: see previous definition of 'ENOTCONN'
C:\Users\edwar\OneDrive\Documents\macemu\BasiliskII\src\slirp\slirp.h(42): warning C4005: 'EHOSTUNREACH': macro redefinition
  C:\Program Files (x86)\Windows Kits\10\Include\10.0.10240.0\ucrt\errno.h(94): note: see previous definition of 'EHOSTUNREACH'
C:\Users\edwar\OneDrive\Documents\macemu\BasiliskII\src\slirp\slirp.h(43): warning C4005: 'ENETUNREACH': macro redefinition
  C:\Program Files (x86)\Windows Kits\10\Include\10.0.10240.0\ucrt\errno.h(102): note: see previous definition of 'ENETUNREACH'
C:\Users\edwar\OneDrive\Documents\macemu\BasiliskII\src\slirp\slirp.h(44): warning C4005: 'ECONNREFUSED': macro redefinition
  C:\Program Files (x86)\Windows Kits\10\Include\10.0.10240.0\ucrt\errno.h(91): note: see previous definition of 'ECONNREFUSED'
C:\Users\edwar\OneDrive\Documents\macemu\BasiliskII\src\slirp\ip.h(101): warning C4086: expected pragma parameter to be '1', '2', '4', '8', or '16'
C:\Users\edwar\OneDrive\Documents\macemu\BasiliskII\src\slirp\ip.h(171): warning C4086: expected pragma parameter to be '1', '2', '4', '8', or '16'
C:\Users\edwar\OneDrive\Documents\macemu\BasiliskII\src\slirp\ip.h(229): warning C4086: expected pragma parameter to be '1', '2', '4', '8', or '16'
C:\Users\edwar\OneDrive\Documents\macemu\BasiliskII\src\slirp\tcp.h(81): warning C4086: expected pragma parameter to be '1', '2', '4', '8', or '16'
C:\Users\edwar\OneDrive\Documents\macemu\BasiliskII\src\slirp\udp.h(57): warning C4086: expected pragma parameter to be '1', '2', '4', '8', or '16'
C:\Users\edwar\OneDrive\Documents\macemu\BasiliskII\src\slirp\bootp.h(118): warning C4086: expected pragma parameter to be '1', '2', '4', '8', or '16'
C:\Users\edwar\OneDrive\Documents\macemu\BasiliskII\src\slirp\tftp.h(37): warning C4086: expected pragma parameter to be '1', '2', '4', '8', or '16'
C:\Users\edwar\OneDrive\Documents\macemu\BasiliskII\src\slirp\sbuf.c(35): warning C4018: '>': signed/unsigned mismatch
C:\Users\edwar\OneDrive\Documents\macemu\BasiliskII\src\slirp\sbuf.c(83): warning C4311: 'type cast': pointer truncation from 'socket *' to 'long'
C:\Users\edwar\OneDrive\Documents\macemu\BasiliskII\src\slirp\sbuf.c(84): warning C4311: 'type cast': pointer truncation from 'mbuf *' to 'long'
C:\Users\edwar\OneDrive\Documents\macemu\BasiliskII\src\slirp\sbuf.c(147): warning C4244: '=': conversion from '__int64' to 'int', possible loss of data
C:\Users\edwar\OneDrive\Documents\macemu\BasiliskII\src\slirp\sbuf.c(152): warning C4244: '=': conversion from '__int64' to 'int', possible loss of data
C:\Users\edwar\OneDrive\Documents\macemu\BasiliskII\src\slirp\sbuf.c(158): warning C4244: '=': conversion from '__int64' to 'int', possible loss of data
C:\Users\edwar\OneDrive\Documents\macemu\BasiliskII\src\slirp\sbuf.c(190): warning C4018: '>': signed/unsigned mismatch
C:\Users\edwar\OneDrive\Documents\macemu\BasiliskII\src\slirp\sbuf.c(194): warning C4244: '=': conversion from '__int64' to 'int', possible loss of data
  slirp.c
C:\Users\edwar\OneDrive\Documents\macemu\BasiliskII\src\slirp\slirp.h(39): warning C4005: 'EWOULDBLOCK': macro redefinition
  C:\Program Files (x86)\Windows Kits\10\Include\10.0.10240.0\ucrt\errno.h(124): note: see previous definition of 'EWOULDBLOCK'
C:\Users\edwar\OneDrive\Documents\macemu\BasiliskII\src\slirp\slirp.h(40): warning C4005: 'EINPROGRESS': macro redefinition
  C:\Program Files (x86)\Windows Kits\10\Include\10.0.10240.0\ucrt\errno.h(96): note: see previous definition of 'EINPROGRESS'
C:\Users\edwar\OneDrive\Documents\macemu\BasiliskII\src\slirp\slirp.h(41): warning C4005: 'ENOTCONN': macro redefinition
  C:\Program Files (x86)\Windows Kits\10\Include\10.0.10240.0\ucrt\errno.h(110): note: see previous definition of 'ENOTCONN'
C:\Users\edwar\OneDrive\Documents\macemu\BasiliskII\src\slirp\slirp.h(42): warning C4005: 'EHOSTUNREACH': macro redefinition
  C:\Program Files (x86)\Windows Kits\10\Include\10.0.10240.0\ucrt\errno.h(94): note: see previous definition of 'EHOSTUNREACH'
C:\Users\edwar\OneDrive\Documents\macemu\BasiliskII\src\slirp\slirp.h(43): warning C4005: 'ENETUNREACH': macro redefinition
  C:\Program Files (x86)\Windows Kits\10\Include\10.0.10240.0\ucrt\errno.h(102): note: see previous definition of 'ENETUNREACH'
C:\Users\edwar\OneDrive\Documents\macemu\BasiliskII\src\slirp\slirp.h(44): warning C4005: 'ECONNREFUSED': macro redefinition
  C:\Program Files (x86)\Windows Kits\10\Include\10.0.10240.0\ucrt\errno.h(91): note: see previous definition of 'ECONNREFUSED'
C:\Users\edwar\OneDrive\Documents\macemu\BasiliskII\src\slirp\ip.h(101): warning C4086: expected pragma parameter to be '1', '2', '4', '8', or '16'
C:\Users\edwar\OneDrive\Documents\macemu\BasiliskII\src\slirp\ip.h(171): warning C4086: expected pragma parameter to be '1', '2', '4', '8', or '16'
C:\Users\edwar\OneDrive\Documents\macemu\BasiliskII\src\slirp\ip.h(229): warning C4086: expected pragma parameter to be '1', '2', '4', '8', or '16'
C:\Users\edwar\OneDrive\Documents\macemu\BasiliskII\src\slirp\tcp.h(81): warning C4086: expected pragma parameter to be '1', '2', '4', '8', or '16'
C:\Users\edwar\OneDrive\Documents\macemu\BasiliskII\src\slirp\udp.h(57): warning C4086: expected pragma parameter to be '1', '2', '4', '8', or '16'
C:\Users\edwar\OneDrive\Documents\macemu\BasiliskII\src\slirp\bootp.h(118): warning C4086: expected pragma parameter to be '1', '2', '4', '8', or '16'
C:\Users\edwar\OneDrive\Documents\macemu\BasiliskII\src\slirp\tftp.h(37): warning C4086: expected pragma parameter to be '1', '2', '4', '8', or '16'
  socket.c
C:\Users\edwar\OneDrive\Documents\macemu\BasiliskII\src\slirp\slirp.h(39): warning C4005: 'EWOULDBLOCK': macro redefinition
  C:\Program Files (x86)\Windows Kits\10\Include\10.0.10240.0\ucrt\errno.h(124): note: see previous definition of 'EWOULDBLOCK'
C:\Users\edwar\OneDrive\Documents\macemu\BasiliskII\src\slirp\slirp.h(40): warning C4005: 'EINPROGRESS': macro redefinition
  C:\Program Files (x86)\Windows Kits\10\Include\10.0.10240.0\ucrt\errno.h(96): note: see previous definition of 'EINPROGRESS'
C:\Users\edwar\OneDrive\Documents\macemu\BasiliskII\src\slirp\slirp.h(41): warning C4005: 'ENOTCONN': macro redefinition
  C:\Program Files (x86)\Windows Kits\10\Include\10.0.10240.0\ucrt\errno.h(110): note: see previous definition of 'ENOTCONN'
C:\Users\edwar\OneDrive\Documents\macemu\BasiliskII\src\slirp\slirp.h(42): warning C4005: 'EHOSTUNREACH': macro redefinition
  C:\Program Files (x86)\Windows Kits\10\Include\10.0.10240.0\ucrt\errno.h(94): note: see previous definition of 'EHOSTUNREACH'
C:\Users\edwar\OneDrive\Documents\macemu\BasiliskII\src\slirp\slirp.h(43): warning C4005: 'ENETUNREACH': macro redefinition
  C:\Program Files (x86)\Windows Kits\10\Include\10.0.10240.0\ucrt\errno.h(102): note: see previous definition of 'ENETUNREACH'
C:\Users\edwar\OneDrive\Documents\macemu\BasiliskII\src\slirp\slirp.h(44): warning C4005: 'ECONNREFUSED': macro redefinition
  C:\Program Files (x86)\Windows Kits\10\Include\10.0.10240.0\ucrt\errno.h(91): note: see previous definition of 'ECONNREFUSED'
C:\Users\edwar\OneDrive\Documents\macemu\BasiliskII\src\slirp\ip.h(101): warning C4086: expected pragma parameter to be '1', '2', '4', '8', or '16'
C:\Users\edwar\OneDrive\Documents\macemu\BasiliskII\src\slirp\ip.h(171): warning C4086: expected pragma parameter to be '1', '2', '4', '8', or '16'
C:\Users\edwar\OneDrive\Documents\macemu\BasiliskII\src\slirp\ip.h(229): warning C4086: expected pragma parameter to be '1', '2', '4', '8', or '16'
C:\Users\edwar\OneDrive\Documents\macemu\BasiliskII\src\slirp\tcp.h(81): warning C4086: expected pragma parameter to be '1', '2', '4', '8', or '16'
C:\Users\edwar\OneDrive\Documents\macemu\BasiliskII\src\slirp\udp.h(57): warning C4086: expected pragma parameter to be '1', '2', '4', '8', or '16'
C:\Users\edwar\OneDrive\Documents\macemu\BasiliskII\src\slirp\bootp.h(118): warning C4086: expected pragma parameter to be '1', '2', '4', '8', or '16'
C:\Users\edwar\OneDrive\Documents\macemu\BasiliskII\src\slirp\tftp.h(37): warning C4086: expected pragma parameter to be '1', '2', '4', '8', or '16'
C:\Users\edwar\OneDrive\Documents\macemu\BasiliskII\src\slirp\ip_icmp.h(98): warning C4086: expected pragma parameter to be '1', '2', '4', '8', or '16'
C:\Users\edwar\OneDrive\Documents\macemu\BasiliskII\src\slirp\socket.c(207): warning C4311: 'type cast': pointer truncation from 'socket *' to 'long'
C:\Users\edwar\OneDrive\Documents\macemu\BasiliskII\src\slirp\socket.c(229): warning C4267: '-=': conversion from 'size_t' to 'int', possible loss of data
C:\Users\edwar\OneDrive\Documents\macemu\BasiliskII\src\slirp\socket.c(235): warning C4267: '=': conversion from 'size_t' to 'int', possible loss of data
C:\Users\edwar\OneDrive\Documents\macemu\BasiliskII\src\slirp\socket.c(242): warning C4267: '-=': conversion from 'size_t' to 'int', possible loss of data
C:\Users\edwar\OneDrive\Documents\macemu\BasiliskII\src\slirp\socket.c(259): warning C4267: 'function': conversion from 'size_t' to 'int', possible loss of data
C:\Users\edwar\OneDrive\Documents\macemu\BasiliskII\src\slirp\socket.c(284): warning C4267: 'function': conversion from 'size_t' to 'int', possible loss of data
C:\Users\edwar\OneDrive\Documents\macemu\BasiliskII\src\slirp\socket.c(314): warning C4311: 'type cast': pointer truncation from 'socket *' to 'long'
C:\Users\edwar\OneDrive\Documents\macemu\BasiliskII\src\slirp\socket.c(345): warning C4311: 'type cast': pointer truncation from 'socket *' to 'long'
C:\Users\edwar\OneDrive\Documents\macemu\BasiliskII\src\slirp\socket.c(363): warning C4244: '=': conversion from '__int64' to 'int', possible loss of data
C:\Users\edwar\OneDrive\Documents\macemu\BasiliskII\src\slirp\socket.c(368): warning C4244: '=': conversion from '__int64' to 'int', possible loss of data
C:\Users\edwar\OneDrive\Documents\macemu\BasiliskII\src\slirp\socket.c(404): warning C4311: 'type cast': pointer truncation from 'socket *' to 'long'
C:\Users\edwar\OneDrive\Documents\macemu\BasiliskII\src\slirp\socket.c(428): warning C4267: '-=': conversion from 'size_t' to 'int', possible loss of data
C:\Users\edwar\OneDrive\Documents\macemu\BasiliskII\src\slirp\socket.c(444): warning C4267: 'function': conversion from 'size_t' to 'int', possible loss of data
C:\Users\edwar\OneDrive\Documents\macemu\BasiliskII\src\slirp\socket.c(461): warning C4267: 'function': conversion from 'size_t' to 'int', possible loss of data
C:\Users\edwar\OneDrive\Documents\macemu\BasiliskII\src\slirp\socket.c(495): warning C4311: 'type cast': pointer truncation from 'socket *' to 'long'
C:\Users\edwar\OneDrive\Documents\macemu\BasiliskII\src\slirp\socket.c(532): warning C4244: '=': conversion from '__int64' to 'int', possible loss of data
C:\Users\edwar\OneDrive\Documents\macemu\BasiliskII\src\slirp\socket.c(536): warning C4018: '>': signed/unsigned mismatch
C:\Users\edwar\OneDrive\Documents\macemu\BasiliskII\src\slirp\socket.c(537): warning C4244: '=': conversion from '__int64' to 'ioctlsockopt_t', possible loss of data
C:\Users\edwar\OneDrive\Documents\macemu\BasiliskII\src\slirp\socket.c(539): warning C4244: '=': conversion from '__int64' to 'int', possible loss of data
C:\Users\edwar\OneDrive\Documents\macemu\BasiliskII\src\slirp\socket.c(664): warning C4244: '=': conversion from '__int64' to 'int', possible loss of data
C:\Users\edwar\OneDrive\Documents\macemu\BasiliskII\src\slirp\socket.c(667): warning C4244: '=': conversion from '__int64' to 'int', possible loss of data
C:\Users\edwar\OneDrive\Documents\macemu\BasiliskII\src\slirp\socket.c(669): warning C4244: '=': conversion from '__int64' to 'int', possible loss of data
C:\Users\edwar\OneDrive\Documents\macemu\BasiliskII\src\slirp\socket.c(683): warning C4267: 'initializing': conversion from 'size_t' to 'int', possible loss of data
C:\Users\edwar\OneDrive\Documents\macemu\BasiliskII\src\slirp\socket.c(753): warning C4267: 'initializing': conversion from 'size_t' to 'int', possible loss of data
C:\Users\edwar\OneDrive\Documents\macemu\BasiliskII\src\slirp\socket.c(784): warning C4267: 'initializing': conversion from 'size_t' to 'int', possible loss of data
C:\Users\edwar\OneDrive\Documents\macemu\BasiliskII\src\slirp\socket.c(822): warning C4267: 'initializing': conversion from 'size_t' to 'int', possible loss of data
C:\Users\edwar\OneDrive\Documents\macemu\BasiliskII\src\slirp\socket.c(891): warning C4311: 'type cast': pointer truncation from 'socket *' to 'long'
C:\Users\edwar\OneDrive\Documents\macemu\BasiliskII\src\slirp\socket.c(892): warning C4311: 'type cast': pointer truncation from 'mbuf *' to 'long'
C:\Users\edwar\OneDrive\Documents\macemu\BasiliskII\src\slirp\socket.c(981): warning C4244: '=': conversion from 'SOCKET' to 'int', possible loss of data
C:\Users\edwar\OneDrive\Documents\macemu\BasiliskII\src\slirp\socket.c(987): warning C4013: 'close' undefined; assuming extern returning int
  tcp_input.c
C:\Users\edwar\OneDrive\Documents\macemu\BasiliskII\src\slirp\slirp.h(39): warning C4005: 'EWOULDBLOCK': macro redefinition
  C:\Program Files (x86)\Windows Kits\10\Include\10.0.10240.0\ucrt\errno.h(124): note: see previous definition of 'EWOULDBLOCK'
C:\Users\edwar\OneDrive\Documents\macemu\BasiliskII\src\slirp\slirp.h(40): warning C4005: 'EINPROGRESS': macro redefinition
  C:\Program Files (x86)\Windows Kits\10\Include\10.0.10240.0\ucrt\errno.h(96): note: see previous definition of 'EINPROGRESS'
C:\Users\edwar\OneDrive\Documents\macemu\BasiliskII\src\slirp\slirp.h(41): warning C4005: 'ENOTCONN': macro redefinition
  C:\Program Files (x86)\Windows Kits\10\Include\10.0.10240.0\ucrt\errno.h(110): note: see previous definition of 'ENOTCONN'
C:\Users\edwar\OneDrive\Documents\macemu\BasiliskII\src\slirp\slirp.h(42): warning C4005: 'EHOSTUNREACH': macro redefinition
  C:\Program Files (x86)\Windows Kits\10\Include\10.0.10240.0\ucrt\errno.h(94): note: see previous definition of 'EHOSTUNREACH'
C:\Users\edwar\OneDrive\Documents\macemu\BasiliskII\src\slirp\slirp.h(43): warning C4005: 'ENETUNREACH': macro redefinition
  C:\Program Files (x86)\Windows Kits\10\Include\10.0.10240.0\ucrt\errno.h(102): note: see previous definition of 'ENETUNREACH'
C:\Users\edwar\OneDrive\Documents\macemu\BasiliskII\src\slirp\slirp.h(44): warning C4005: 'ECONNREFUSED': macro redefinition
  C:\Program Files (x86)\Windows Kits\10\Include\10.0.10240.0\ucrt\errno.h(91): note: see previous definition of 'ECONNREFUSED'
C:\Users\edwar\OneDrive\Documents\macemu\BasiliskII\src\slirp\ip.h(101): warning C4086: expected pragma parameter to be '1', '2', '4', '8', or '16'
C:\Users\edwar\OneDrive\Documents\macemu\BasiliskII\src\slirp\ip.h(171): warning C4086: expected pragma parameter to be '1', '2', '4', '8', or '16'
C:\Users\edwar\OneDrive\Documents\macemu\BasiliskII\src\slirp\ip.h(229): warning C4086: expected pragma parameter to be '1', '2', '4', '8', or '16'
C:\Users\edwar\OneDrive\Documents\macemu\BasiliskII\src\slirp\tcp.h(81): warning C4086: expected pragma parameter to be '1', '2', '4', '8', or '16'
C:\Users\edwar\OneDrive\Documents\macemu\BasiliskII\src\slirp\udp.h(57): warning C4086: expected pragma parameter to be '1', '2', '4', '8', or '16'
C:\Users\edwar\OneDrive\Documents\macemu\BasiliskII\src\slirp\bootp.h(118): warning C4086: expected pragma parameter to be '1', '2', '4', '8', or '16'
C:\Users\edwar\OneDrive\Documents\macemu\BasiliskII\src\slirp\tftp.h(37): warning C4086: expected pragma parameter to be '1', '2', '4', '8', or '16'
C:\Users\edwar\OneDrive\Documents\macemu\BasiliskII\src\slirp\ip_icmp.h(98): warning C4086: expected pragma parameter to be '1', '2', '4', '8', or '16'
C:\Users\edwar\OneDrive\Documents\macemu\BasiliskII\src\slirp\tcp_input.c(254): warning C4311: 'type cast': pointer truncation from 'mbuf *' to 'long'
C:\Users\edwar\OneDrive\Documents\macemu\BasiliskII\src\slirp\tcp_input.c(254): warning C4311: 'type cast': pointer truncation from 'socket *' to 'long'
C:\Users\edwar\OneDrive\Documents\macemu\BasiliskII\src\slirp\tcp_input.c(1074): warning C4311: 'type cast': pointer truncation from 'mbuf *' to 'long'
C:\Users\edwar\OneDrive\Documents\macemu\BasiliskII\src\slirp\tcp_input.c(1074): warning C4311: 'type cast': pointer truncation from 'socket *' to 'long'
C:\Users\edwar\OneDrive\Documents\macemu\BasiliskII\src\slirp\tcp_input.c(1187): warning C4018: '<': signed/unsigned mismatch
C:\Users\edwar\OneDrive\Documents\macemu\BasiliskII\src\slirp\tcp_input.c(1189): warning C4018: '>': signed/unsigned mismatch
C:\Users\edwar\OneDrive\Documents\macemu\BasiliskII\src\slirp\tcp_input.c(1501): warning C4311: 'type cast': pointer truncation from 'tcpcb *' to 'long'
C:\Users\edwar\OneDrive\Documents\macemu\BasiliskII\src\slirp\tcp_input.c(1613): warning C4311: 'type cast': pointer truncation from 'tcpcb *' to 'long'
C:\Users\edwar\OneDrive\Documents\macemu\BasiliskII\src\slirp\tcp_input.c(1704): warning C4311: 'type cast': pointer truncation from 'tcpcb *' to 'long'
C:\Users\edwar\OneDrive\Documents\macemu\BasiliskII\src\slirp\tcp_input.c(1709): warning C4018: '<': signed/unsigned mismatch
  tcp_output.c
C:\Users\edwar\OneDrive\Documents\macemu\BasiliskII\src\slirp\slirp.h(39): warning C4005: 'EWOULDBLOCK': macro redefinition
  C:\Program Files (x86)\Windows Kits\10\Include\10.0.10240.0\ucrt\errno.h(124): note: see previous definition of 'EWOULDBLOCK'
C:\Users\edwar\OneDrive\Documents\macemu\BasiliskII\src\slirp\slirp.h(40): warning C4005: 'EINPROGRESS': macro redefinition
  C:\Program Files (x86)\Windows Kits\10\Include\10.0.10240.0\ucrt\errno.h(96): note: see previous definition of 'EINPROGRESS'
C:\Users\edwar\OneDrive\Documents\macemu\BasiliskII\src\slirp\slirp.h(41): warning C4005: 'ENOTCONN': macro redefinition
  C:\Program Files (x86)\Windows Kits\10\Include\10.0.10240.0\ucrt\errno.h(110): note: see previous definition of 'ENOTCONN'
C:\Users\edwar\OneDrive\Documents\macemu\BasiliskII\src\slirp\slirp.h(42): warning C4005: 'EHOSTUNREACH': macro redefinition
  C:\Program Files (x86)\Windows Kits\10\Include\10.0.10240.0\ucrt\errno.h(94): note: see previous definition of 'EHOSTUNREACH'
C:\Users\edwar\OneDrive\Documents\macemu\BasiliskII\src\slirp\slirp.h(43): warning C4005: 'ENETUNREACH': macro redefinition
  C:\Program Files (x86)\Windows Kits\10\Include\10.0.10240.0\ucrt\errno.h(102): note: see previous definition of 'ENETUNREACH'
C:\Users\edwar\OneDrive\Documents\macemu\BasiliskII\src\slirp\slirp.h(44): warning C4005: 'ECONNREFUSED': macro redefinition
  C:\Program Files (x86)\Windows Kits\10\Include\10.0.10240.0\ucrt\errno.h(91): note: see previous definition of 'ECONNREFUSED'
C:\Users\edwar\OneDrive\Documents\macemu\BasiliskII\src\slirp\ip.h(101): warning C4086: expected pragma parameter to be '1', '2', '4', '8', or '16'
C:\Users\edwar\OneDrive\Documents\macemu\BasiliskII\src\slirp\ip.h(171): warning C4086: expected pragma parameter to be '1', '2', '4', '8', or '16'
C:\Users\edwar\OneDrive\Documents\macemu\BasiliskII\src\slirp\ip.h(229): warning C4086: expected pragma parameter to be '1', '2', '4', '8', or '16'
C:\Users\edwar\OneDrive\Documents\macemu\BasiliskII\src\slirp\tcp.h(81): warning C4086: expected pragma parameter to be '1', '2', '4', '8', or '16'
C:\Users\edwar\OneDrive\Documents\macemu\BasiliskII\src\slirp\udp.h(57): warning C4086: expected pragma parameter to be '1', '2', '4', '8', or '16'
C:\Users\edwar\OneDrive\Documents\macemu\BasiliskII\src\slirp\bootp.h(118): warning C4086: expected pragma parameter to be '1', '2', '4', '8', or '16'
C:\Users\edwar\OneDrive\Documents\macemu\BasiliskII\src\slirp\tftp.h(37): warning C4086: expected pragma parameter to be '1', '2', '4', '8', or '16'
C:\Users\edwar\OneDrive\Documents\macemu\BasiliskII\src\slirp\tcp_output.c(80): warning C4311: 'type cast': pointer truncation from 'tcpcb *' to 'long'
C:\Users\edwar\OneDrive\Documents\macemu\BasiliskII\src\slirp\tcp_output.c(129): warning C4018: '<': signed/unsigned mismatch
C:\Users\edwar\OneDrive\Documents\macemu\BasiliskII\src\slirp\tcp_output.c(138): warning C4018: '<': signed/unsigned mismatch
C:\Users\edwar\OneDrive\Documents\macemu\BasiliskII\src\slirp\tcp_output.c(181): warning C4018: '>=': signed/unsigned mismatch
C:\Users\edwar\OneDrive\Documents\macemu\BasiliskII\src\slirp\tcp_output.c(185): warning C4018: '>=': signed/unsigned mismatch
C:\Users\edwar\OneDrive\Documents\macemu\BasiliskII\src\slirp\tcp_output.c(326): warning C4018: '>': signed/unsigned mismatch
C:\Users\edwar\OneDrive\Documents\macemu\BasiliskII\src\slirp\tcp_output.c(431): warning C4267: '=': conversion from 'size_t' to 'u_char', possible loss of data
  tcp_subr.c
C:\Users\edwar\OneDrive\Documents\macemu\BasiliskII\src\slirp\slirp.h(39): warning C4005: 'EWOULDBLOCK': macro redefinition
  C:\Program Files (x86)\Windows Kits\10\Include\10.0.10240.0\ucrt\errno.h(124): note: see previous definition of 'EWOULDBLOCK'
C:\Users\edwar\OneDrive\Documents\macemu\BasiliskII\src\slirp\slirp.h(40): warning C4005: 'EINPROGRESS': macro redefinition
  C:\Program Files (x86)\Windows Kits\10\Include\10.0.10240.0\ucrt\errno.h(96): note: see previous definition of 'EINPROGRESS'
C:\Users\edwar\OneDrive\Documents\macemu\BasiliskII\src\slirp\slirp.h(41): warning C4005: 'ENOTCONN': macro redefinition
  C:\Program Files (x86)\Windows Kits\10\Include\10.0.10240.0\ucrt\errno.h(110): note: see previous definition of 'ENOTCONN'
C:\Users\edwar\OneDrive\Documents\macemu\BasiliskII\src\slirp\slirp.h(42): warning C4005: 'EHOSTUNREACH': macro redefinition
  C:\Program Files (x86)\Windows Kits\10\Include\10.0.10240.0\ucrt\errno.h(94): note: see previous definition of 'EHOSTUNREACH'
C:\Users\edwar\OneDrive\Documents\macemu\BasiliskII\src\slirp\slirp.h(43): warning C4005: 'ENETUNREACH': macro redefinition
  C:\Program Files (x86)\Windows Kits\10\Include\10.0.10240.0\ucrt\errno.h(102): note: see previous definition of 'ENETUNREACH'
C:\Users\edwar\OneDrive\Documents\macemu\BasiliskII\src\slirp\slirp.h(44): warning C4005: 'ECONNREFUSED': macro redefinition
  C:\Program Files (x86)\Windows Kits\10\Include\10.0.10240.0\ucrt\errno.h(91): note: see previous definition of 'ECONNREFUSED'
C:\Users\edwar\OneDrive\Documents\macemu\BasiliskII\src\slirp\ip.h(101): warning C4086: expected pragma parameter to be '1', '2', '4', '8', or '16'
C:\Users\edwar\OneDrive\Documents\macemu\BasiliskII\src\slirp\ip.h(171): warning C4086: expected pragma parameter to be '1', '2', '4', '8', or '16'
C:\Users\edwar\OneDrive\Documents\macemu\BasiliskII\src\slirp\ip.h(229): warning C4086: expected pragma parameter to be '1', '2', '4', '8', or '16'
C:\Users\edwar\OneDrive\Documents\macemu\BasiliskII\src\slirp\tcp.h(81): warning C4086: expected pragma parameter to be '1', '2', '4', '8', or '16'
C:\Users\edwar\OneDrive\Documents\macemu\BasiliskII\src\slirp\udp.h(57): warning C4086: expected pragma parameter to be '1', '2', '4', '8', or '16'
C:\Users\edwar\OneDrive\Documents\macemu\BasiliskII\src\slirp\bootp.h(118): warning C4086: expected pragma parameter to be '1', '2', '4', '8', or '16'
C:\Users\edwar\OneDrive\Documents\macemu\BasiliskII\src\slirp\tftp.h(37): warning C4086: expected pragma parameter to be '1', '2', '4', '8', or '16'
C:\Users\edwar\OneDrive\Documents\macemu\BasiliskII\src\slirp\tcp_subr.c(128): warning C4311: 'type cast': pointer truncation from 'tcpcb *' to 'long'
C:\Users\edwar\OneDrive\Documents\macemu\BasiliskII\src\slirp\tcp_subr.c(129): warning C4311: 'type cast': pointer truncation from 'tcpiphdr *' to 'long'
C:\Users\edwar\OneDrive\Documents\macemu\BasiliskII\src\slirp\tcp_subr.c(130): warning C4311: 'type cast': pointer truncation from 'mbuf *' to 'long'
C:\Users\edwar\OneDrive\Documents\macemu\BasiliskII\src\slirp\tcp_subr.c(249): warning C4311: 'type cast': pointer truncation from 'tcpcb *' to 'long'
C:\Users\edwar\OneDrive\Documents\macemu\BasiliskII\src\slirp\tcp_subr.c(280): warning C4311: 'type cast': pointer truncation from 'tcpcb *' to 'long'
C:\Users\edwar\OneDrive\Documents\macemu\BasiliskII\src\slirp\tcp_subr.c(355): warning C4311: 'type cast': pointer truncation from 'tcpcb *' to 'long'
C:\Users\edwar\OneDrive\Documents\macemu\BasiliskII\src\slirp\tcp_subr.c(398): warning C4311: 'type cast': pointer truncation from 'socket *' to 'long'
C:\Users\edwar\OneDrive\Documents\macemu\BasiliskII\src\slirp\tcp_subr.c(400): warning C4244: '=': conversion from 'SOCKET' to 'int', possible loss of data
C:\Users\edwar\OneDrive\Documents\macemu\BasiliskII\src\slirp\tcp_subr.c(466): warning C4311: 'type cast': pointer truncation from 'socket *' to 'long'
C:\Users\edwar\OneDrive\Documents\macemu\BasiliskII\src\slirp\tcp_subr.c(491): warning C4244: '=': conversion from 'SOCKET' to 'int', possible loss of data
C:\Users\edwar\OneDrive\Documents\macemu\BasiliskII\src\slirp\tcp_subr.c(644): warning C4311: 'type cast': pointer truncation from 'socket *' to 'long'
C:\Users\edwar\OneDrive\Documents\macemu\BasiliskII\src\slirp\tcp_subr.c(645): warning C4311: 'type cast': pointer truncation from 'mbuf *' to 'long'
C:\Users\edwar\OneDrive\Documents\macemu\BasiliskII\src\slirp\tcp_subr.c(1015): warning C4244: '=': conversion from '__int64' to 'int', possible loss of data
C:\Users\edwar\OneDrive\Documents\macemu\BasiliskII\src\slirp\tcp_subr.c(1046): warning C4244: '=': conversion from '__int64' to 'int', possible loss of data
C:\Users\edwar\OneDrive\Documents\macemu\BasiliskII\src\slirp\tcp_subr.c(1087): warning C4244: '=': conversion from '__int64' to 'int', possible loss of data
C:\Users\edwar\OneDrive\Documents\macemu\BasiliskII\src\slirp\tcp_subr.c(1095): warning C4244: '=': conversion from '__int64' to 'int', possible loss of data
C:\Users\edwar\OneDrive\Documents\macemu\BasiliskII\src\slirp\tcp_subr.c(1103): warning C4244: '=': conversion from '__int64' to 'int', possible loss of data
C:\Users\edwar\OneDrive\Documents\macemu\BasiliskII\src\slirp\tcp_subr.c(1259): warning C4311: 'type cast': pointer truncation from 'socket *' to 'long'
  tcp_timer.c
C:\Users\edwar\OneDrive\Documents\macemu\BasiliskII\src\slirp\slirp.h(39): warning C4005: 'EWOULDBLOCK': macro redefinition
  C:\Program Files (x86)\Windows Kits\10\Include\10.0.10240.0\ucrt\errno.h(124): note: see previous definition of 'EWOULDBLOCK'
C:\Users\edwar\OneDrive\Documents\macemu\BasiliskII\src\slirp\slirp.h(40): warning C4005: 'EINPROGRESS': macro redefinition
  C:\Program Files (x86)\Windows Kits\10\Include\10.0.10240.0\ucrt\errno.h(96): note: see previous definition of 'EINPROGRESS'
C:\Users\edwar\OneDrive\Documents\macemu\BasiliskII\src\slirp\slirp.h(41): warning C4005: 'ENOTCONN': macro redefinition
  C:\Program Files (x86)\Windows Kits\10\Include\10.0.10240.0\ucrt\errno.h(110): note: see previous definition of 'ENOTCONN'
C:\Users\edwar\OneDrive\Documents\macemu\BasiliskII\src\slirp\slirp.h(42): warning C4005: 'EHOSTUNREACH': macro redefinition
  C:\Program Files (x86)\Windows Kits\10\Include\10.0.10240.0\ucrt\errno.h(94): note: see previous definition of 'EHOSTUNREACH'
C:\Users\edwar\OneDrive\Documents\macemu\BasiliskII\src\slirp\slirp.h(43): warning C4005: 'ENETUNREACH': macro redefinition
  C:\Program Files (x86)\Windows Kits\10\Include\10.0.10240.0\ucrt\errno.h(102): note: see previous definition of 'ENETUNREACH'
C:\Users\edwar\OneDrive\Documents\macemu\BasiliskII\src\slirp\slirp.h(44): warning C4005: 'ECONNREFUSED': macro redefinition
  C:\Program Files (x86)\Windows Kits\10\Include\10.0.10240.0\ucrt\errno.h(91): note: see previous definition of 'ECONNREFUSED'
C:\Users\edwar\OneDrive\Documents\macemu\BasiliskII\src\slirp\ip.h(101): warning C4086: expected pragma parameter to be '1', '2', '4', '8', or '16'
C:\Users\edwar\OneDrive\Documents\macemu\BasiliskII\src\slirp\ip.h(171): warning C4086: expected pragma parameter to be '1', '2', '4', '8', or '16'
C:\Users\edwar\OneDrive\Documents\macemu\BasiliskII\src\slirp\ip.h(229): warning C4086: expected pragma parameter to be '1', '2', '4', '8', or '16'
C:\Users\edwar\OneDrive\Documents\macemu\BasiliskII\src\slirp\tcp.h(81): warning C4086: expected pragma parameter to be '1', '2', '4', '8', or '16'
C:\Users\edwar\OneDrive\Documents\macemu\BasiliskII\src\slirp\udp.h(57): warning C4086: expected pragma parameter to be '1', '2', '4', '8', or '16'
C:\Users\edwar\OneDrive\Documents\macemu\BasiliskII\src\slirp\bootp.h(118): warning C4086: expected pragma parameter to be '1', '2', '4', '8', or '16'
C:\Users\edwar\OneDrive\Documents\macemu\BasiliskII\src\slirp\tftp.h(37): warning C4086: expected pragma parameter to be '1', '2', '4', '8', or '16'
  tftp.c
C:\Users\edwar\OneDrive\Documents\macemu\BasiliskII\src\slirp\slirp.h(39): warning C4005: 'EWOULDBLOCK': macro redefinition
  C:\Program Files (x86)\Windows Kits\10\Include\10.0.10240.0\ucrt\errno.h(124): note: see previous definition of 'EWOULDBLOCK'
C:\Users\edwar\OneDrive\Documents\macemu\BasiliskII\src\slirp\slirp.h(40): warning C4005: 'EINPROGRESS': macro redefinition
  C:\Program Files (x86)\Windows Kits\10\Include\10.0.10240.0\ucrt\errno.h(96): note: see previous definition of 'EINPROGRESS'
C:\Users\edwar\OneDrive\Documents\macemu\BasiliskII\src\slirp\slirp.h(41): warning C4005: 'ENOTCONN': macro redefinition
  C:\Program Files (x86)\Windows Kits\10\Include\10.0.10240.0\ucrt\errno.h(110): note: see previous definition of 'ENOTCONN'
C:\Users\edwar\OneDrive\Documents\macemu\BasiliskII\src\slirp\slirp.h(42): warning C4005: 'EHOSTUNREACH': macro redefinition
  C:\Program Files (x86)\Windows Kits\10\Include\10.0.10240.0\ucrt\errno.h(94): note: see previous definition of 'EHOSTUNREACH'
C:\Users\edwar\OneDrive\Documents\macemu\BasiliskII\src\slirp\slirp.h(43): warning C4005: 'ENETUNREACH': macro redefinition
  C:\Program Files (x86)\Windows Kits\10\Include\10.0.10240.0\ucrt\errno.h(102): note: see previous definition of 'ENETUNREACH'
C:\Users\edwar\OneDrive\Documents\macemu\BasiliskII\src\slirp\slirp.h(44): warning C4005: 'ECONNREFUSED': macro redefinition
  C:\Program Files (x86)\Windows Kits\10\Include\10.0.10240.0\ucrt\errno.h(91): note: see previous definition of 'ECONNREFUSED'
C:\Users\edwar\OneDrive\Documents\macemu\BasiliskII\src\slirp\ip.h(101): warning C4086: expected pragma parameter to be '1', '2', '4', '8', or '16'
C:\Users\edwar\OneDrive\Documents\macemu\BasiliskII\src\slirp\ip.h(171): warning C4086: expected pragma parameter to be '1', '2', '4', '8', or '16'
C:\Users\edwar\OneDrive\Documents\macemu\BasiliskII\src\slirp\ip.h(229): warning C4086: expected pragma parameter to be '1', '2', '4', '8', or '16'
C:\Users\edwar\OneDrive\Documents\macemu\BasiliskII\src\slirp\tcp.h(81): warning C4086: expected pragma parameter to be '1', '2', '4', '8', or '16'
C:\Users\edwar\OneDrive\Documents\macemu\BasiliskII\src\slirp\udp.h(57): warning C4086: expected pragma parameter to be '1', '2', '4', '8', or '16'
C:\Users\edwar\OneDrive\Documents\macemu\BasiliskII\src\slirp\bootp.h(118): warning C4086: expected pragma parameter to be '1', '2', '4', '8', or '16'
C:\Users\edwar\OneDrive\Documents\macemu\BasiliskII\src\slirp\tftp.h(37): warning C4086: expected pragma parameter to be '1', '2', '4', '8', or '16'
C:\Users\edwar\OneDrive\Documents\macemu\BasiliskII\src\slirp\tftp.c(106): warning C4013: 'open' undefined; assuming extern returning int
C:\Users\edwar\OneDrive\Documents\macemu\BasiliskII\src\slirp\tftp.c(113): warning C4013: 'lseek' undefined; assuming extern returning int
C:\Users\edwar\OneDrive\Documents\macemu\BasiliskII\src\slirp\tftp.c(115): warning C4013: 'read' undefined; assuming extern returning int
C:\Users\edwar\OneDrive\Documents\macemu\BasiliskII\src\slirp\tftp.c(118): warning C4013: 'close' undefined; assuming extern returning int
C:\Users\edwar\OneDrive\Documents\macemu\BasiliskII\src\slirp\tftp.c(158): warning C4267: '=': conversion from 'size_t' to 'int', possible loss of data
C:\Users\edwar\OneDrive\Documents\macemu\BasiliskII\src\slirp\tftp.c(244): warning C4244: '=': conversion from '__int64' to 'int', possible loss of data
  udp.c
C:\Users\edwar\OneDrive\Documents\macemu\BasiliskII\src\slirp\slirp.h(39): warning C4005: 'EWOULDBLOCK': macro redefinition
  C:\Program Files (x86)\Windows Kits\10\Include\10.0.10240.0\ucrt\errno.h(124): note: see previous definition of 'EWOULDBLOCK'
C:\Users\edwar\OneDrive\Documents\macemu\BasiliskII\src\slirp\slirp.h(40): warning C4005: 'EINPROGRESS': macro redefinition
  C:\Program Files (x86)\Windows Kits\10\Include\10.0.10240.0\ucrt\errno.h(96): note: see previous definition of 'EINPROGRESS'
C:\Users\edwar\OneDrive\Documents\macemu\BasiliskII\src\slirp\slirp.h(41): warning C4005: 'ENOTCONN': macro redefinition
  C:\Program Files (x86)\Windows Kits\10\Include\10.0.10240.0\ucrt\errno.h(110): note: see previous definition of 'ENOTCONN'
C:\Users\edwar\OneDrive\Documents\macemu\BasiliskII\src\slirp\slirp.h(42): warning C4005: 'EHOSTUNREACH': macro redefinition
  C:\Program Files (x86)\Windows Kits\10\Include\10.0.10240.0\ucrt\errno.h(94): note: see previous definition of 'EHOSTUNREACH'
C:\Users\edwar\OneDrive\Documents\macemu\BasiliskII\src\slirp\slirp.h(43): warning C4005: 'ENETUNREACH': macro redefinition
  C:\Program Files (x86)\Windows Kits\10\Include\10.0.10240.0\ucrt\errno.h(102): note: see previous definition of 'ENETUNREACH'
C:\Users\edwar\OneDrive\Documents\macemu\BasiliskII\src\slirp\slirp.h(44): warning C4005: 'ECONNREFUSED': macro redefinition
  C:\Program Files (x86)\Windows Kits\10\Include\10.0.10240.0\ucrt\errno.h(91): note: see previous definition of 'ECONNREFUSED'
C:\Users\edwar\OneDrive\Documents\macemu\BasiliskII\src\slirp\ip.h(101): warning C4086: expected pragma parameter to be '1', '2', '4', '8', or '16'
C:\Users\edwar\OneDrive\Documents\macemu\BasiliskII\src\slirp\ip.h(171): warning C4086: expected pragma parameter to be '1', '2', '4', '8', or '16'
C:\Users\edwar\OneDrive\Documents\macemu\BasiliskII\src\slirp\ip.h(229): warning C4086: expected pragma parameter to be '1', '2', '4', '8', or '16'
C:\Users\edwar\OneDrive\Documents\macemu\BasiliskII\src\slirp\tcp.h(81): warning C4086: expected pragma parameter to be '1', '2', '4', '8', or '16'
C:\Users\edwar\OneDrive\Documents\macemu\BasiliskII\src\slirp\udp.h(57): warning C4086: expected pragma parameter to be '1', '2', '4', '8', or '16'
C:\Users\edwar\OneDrive\Documents\macemu\BasiliskII\src\slirp\bootp.h(118): warning C4086: expected pragma parameter to be '1', '2', '4', '8', or '16'
C:\Users\edwar\OneDrive\Documents\macemu\BasiliskII\src\slirp\tftp.h(37): warning C4086: expected pragma parameter to be '1', '2', '4', '8', or '16'
C:\Users\edwar\OneDrive\Documents\macemu\BasiliskII\src\slirp\ip_icmp.h(98): warning C4086: expected pragma parameter to be '1', '2', '4', '8', or '16'
C:\Users\edwar\OneDrive\Documents\macemu\BasiliskII\src\slirp\udp.c(83): warning C4311: 'type cast': pointer truncation from 'mbuf *' to 'long'
C:\Users\edwar\OneDrive\Documents\macemu\BasiliskII\src\slirp\udp.c(258): warning C4311: 'type cast': pointer truncation from 'socket *' to 'long'
C:\Users\edwar\OneDrive\Documents\macemu\BasiliskII\src\slirp\udp.c(259): warning C4311: 'type cast': pointer truncation from 'mbuf *' to 'long'
C:\Users\edwar\OneDrive\Documents\macemu\BasiliskII\src\slirp\udp.c(277): warning C4267: 'function': conversion from 'size_t' to 'u_short', possible loss of data
C:\Users\edwar\OneDrive\Documents\macemu\BasiliskII\src\slirp\udp.c(329): warning C4244: '=': conversion from 'SOCKET' to 'int', possible loss of data
C:\Users\edwar\OneDrive\Documents\macemu\BasiliskII\src\slirp\udp.c(644): warning C4244: '=': conversion from 'SOCKET' to 'int', possible loss of data
  Generating Code...
  basilisk_glue.cpp
C:\Users\edwar\OneDrive\Documents\macemu\BasiliskII\src\uae_cpu\memory.h(129): warning C4312: 'type cast': conversion from 'uintptr' to 'uint8 *' of greater size
C:\Users\edwar\OneDrive\Documents\macemu\BasiliskII\src\uae_cpu\memory.h(133): warning C4311: 'type cast': pointer truncation from 'uint8 *' to 'uintptr'
C:\Users\edwar\OneDrive\Documents\macemu\BasiliskII\src\uae_cpu\memory.h(133): warning C4302: 'type cast': truncation from 'uint8 *' to 'uintptr'
  cpudefs.cpp
  cpuemu.cpp
C:\Users\edwar\OneDrive\Documents\macemu\BasiliskII\src\uae_cpu\memory.h(129): warning C4312: 'type cast': conversion from 'uintptr' to 'uint8 *' of greater size
C:\Users\edwar\OneDrive\Documents\macemu\BasiliskII\src\uae_cpu\memory.h(133): warning C4311: 'type cast': pointer truncation from 'uint8 *' to 'uintptr'
C:\Users\edwar\OneDrive\Documents\macemu\BasiliskII\src\uae_cpu\memory.h(133): warning C4302: 'type cast': truncation from 'uint8 *' to 'uintptr'
  cpuemu_nf.cpp
C:\Users\edwar\OneDrive\Documents\macemu\BasiliskII\src\uae_cpu\memory.h(129): warning C4312: 'type cast': conversion from 'uintptr' to 'uint8 *' of greater size
C:\Users\edwar\OneDrive\Documents\macemu\BasiliskII\src\uae_cpu\memory.h(133): warning C4311: 'type cast': pointer truncation from 'uint8 *' to 'uintptr'
C:\Users\edwar\OneDrive\Documents\macemu\BasiliskII\src\uae_cpu\memory.h(133): warning C4302: 'type cast': truncation from 'uint8 *' to 'uintptr'
  cpustbl.cpp
C:\Users\edwar\OneDrive\Documents\macemu\BasiliskII\src\uae_cpu\memory.h(129): warning C4312: 'type cast': conversion from 'uintptr' to 'uint8 *' of greater size
C:\Users\edwar\OneDrive\Documents\macemu\BasiliskII\src\uae_cpu\memory.h(133): warning C4311: 'type cast': pointer truncation from 'uint8 *' to 'uintptr'
C:\Users\edwar\OneDrive\Documents\macemu\BasiliskII\src\uae_cpu\memory.h(133): warning C4302: 'type cast': truncation from 'uint8 *' to 'uintptr'
  cpustbl_nf.cpp
C:\Users\edwar\OneDrive\Documents\macemu\BasiliskII\src\uae_cpu\memory.h(129): warning C4312: 'type cast': conversion from 'uintptr' to 'uint8 *' of greater size
C:\Users\edwar\OneDrive\Documents\macemu\BasiliskII\src\uae_cpu\memory.h(133): warning C4311: 'type cast': pointer truncation from 'uint8 *' to 'uintptr'
C:\Users\edwar\OneDrive\Documents\macemu\BasiliskII\src\uae_cpu\memory.h(133): warning C4302: 'type cast': truncation from 'uint8 *' to 'uintptr'
  memory.cpp
C:\Users\edwar\OneDrive\Documents\macemu\BasiliskII\src\uae_cpu\memory.h(129): warning C4312: 'type cast': conversion from 'uintptr' to 'uint8 *' of greater size
C:\Users\edwar\OneDrive\Documents\macemu\BasiliskII\src\uae_cpu\memory.h(133): warning C4311: 'type cast': pointer truncation from 'uint8 *' to 'uintptr'
C:\Users\edwar\OneDrive\Documents\macemu\BasiliskII\src\uae_cpu\memory.h(133): warning C4302: 'type cast': truncation from 'uint8 *' to 'uintptr'
  newcpu.cpp
C:\Users\edwar\OneDrive\Documents\macemu\BasiliskII\src\uae_cpu\memory.h(129): warning C4312: 'type cast': conversion from 'uintptr' to 'uint8 *' of greater size
C:\Users\edwar\OneDrive\Documents\macemu\BasiliskII\src\uae_cpu\memory.h(133): warning C4311: 'type cast': pointer truncation from 'uint8 *' to 'uintptr'
C:\Users\edwar\OneDrive\Documents\macemu\BasiliskII\src\uae_cpu\memory.h(133): warning C4302: 'type cast': truncation from 'uint8 *' to 'uintptr'
  readcpu.cpp
  Generating Code...
  fpu_ieee.cpp
C:\Users\edwar\OneDrive\Documents\macemu\BasiliskII\src\uae_cpu\memory.h(129): warning C4312: 'type cast': conversion from 'uintptr' to 'uint8 *' of greater size
C:\Users\edwar\OneDrive\Documents\macemu\BasiliskII\src\uae_cpu\memory.h(133): warning C4311: 'type cast': pointer truncation from 'uint8 *' to 'uintptr'
C:\Users\edwar\OneDrive\Documents\macemu\BasiliskII\src\uae_cpu\memory.h(133): warning C4302: 'type cast': truncation from 'uint8 *' to 'uintptr'
  packet32.cpp
C:\Users\edwar\OneDrive\Documents\macemu\BasiliskII\src\uae_cpu\memory.h(129): warning C4312: 'type cast': conversion from 'uintptr' to 'uint8 *' of greater size
C:\Users\edwar\OneDrive\Documents\macemu\BasiliskII\src\uae_cpu\memory.h(133): warning C4311: 'type cast': pointer truncation from 'uint8 *' to 'uintptr'
C:\Users\edwar\OneDrive\Documents\macemu\BasiliskII\src\uae_cpu\memory.h(133): warning C4302: 'type cast': truncation from 'uint8 *' to 'uintptr'
  cache.cpp
  eject_nt.cpp
  ntcd.cpp
C:\Users\edwar\OneDrive\Documents\macemu\BasiliskII\src\Windows\cdenable\ntcd.cpp(208): warning C4311: 'type cast': pointer truncation from 'HANDLE' to 'DWORD'
C:\Users\edwar\OneDrive\Documents\macemu\BasiliskII\src\Windows\cdenable\ntcd.cpp(208): warning C4302: 'type cast': truncation from 'HANDLE' to 'DWORD'
C:\Users\edwar\OneDrive\Documents\macemu\BasiliskII\src\Windows\cdenable\ntcd.cpp(211): warning C4311: 'type cast': pointer truncation from 'char *' to 'DWORD'
C:\Users\edwar\OneDrive\Documents\macemu\BasiliskII\src\Windows\cdenable\ntcd.cpp(211): warning C4302: 'type cast': truncation from 'char *' to 'DWORD'
  Generating Code...
  clip_windows.cpp
C:\Users\edwar\OneDrive\Documents\macemu\BasiliskII\src\uae_cpu\memory.h(129): warning C4312: 'type cast': conversion from 'uintptr' to 'uint8 *' of greater size
C:\Users\edwar\OneDrive\Documents\macemu\BasiliskII\src\uae_cpu\memory.h(133): warning C4311: 'type cast': pointer truncation from 'uint8 *' to 'uintptr'
C:\Users\edwar\OneDrive\Documents\macemu\BasiliskII\src\uae_cpu\memory.h(133): warning C4302: 'type cast': truncation from 'uint8 *' to 'uintptr'
C:\Users\edwar\OneDrive\Documents\macemu\BasiliskII\src\Windows\clip_windows.cpp(220): warning C4244: 'initializing': conversion from 'SIZE_T' to 'uint32', possible loss of data
  ether_windows.cpp
C:\Users\edwar\OneDrive\Documents\macemu\BasiliskII\src\uae_cpu\memory.h(129): warning C4312: 'type cast': conversion from 'uintptr' to 'uint8 *' of greater size
C:\Users\edwar\OneDrive\Documents\macemu\BasiliskII\src\uae_cpu\memory.h(133): warning C4311: 'type cast': pointer truncation from 'uint8 *' to 'uintptr'
C:\Users\edwar\OneDrive\Documents\macemu\BasiliskII\src\uae_cpu\memory.h(133): warning C4302: 'type cast': truncation from 'uint8 *' to 'uintptr'
C:\Users\edwar\OneDrive\Documents\macemu\BasiliskII\src\Windows\ether_windows.cpp(43): warning C4005: 'min': macro redefinition
  C:\Program Files (x86)\Microsoft SDKs\Windows\v7.1A\include\windef.h(194): note: see previous definition of 'min'
C:\Users\edwar\OneDrive\Documents\macemu\BasiliskII\src\Windows\ether_windows.cpp(1639): warning C4244: 'argument': conversion from 'ssize_t' to 'uint32', possible loss of data
  extfs_windows.cpp
C:\Users\edwar\OneDrive\Documents\macemu\BasiliskII\src\uae_cpu\memory.h(129): warning C4312: 'type cast': conversion from 'uintptr' to 'uint8 *' of greater size
C:\Users\edwar\OneDrive\Documents\macemu\BasiliskII\src\uae_cpu\memory.h(133): warning C4311: 'type cast': pointer truncation from 'uint8 *' to 'uintptr'
C:\Users\edwar\OneDrive\Documents\macemu\BasiliskII\src\uae_cpu\memory.h(133): warning C4302: 'type cast': truncation from 'uint8 *' to 'uintptr'
C:\Users\edwar\OneDrive\Documents\macemu\BasiliskII\src\Windows\extfs_windows.cpp(73): warning C4267: 'initializing': conversion from 'size_t' to 'int', possible loss of data
C:\Users\edwar\OneDrive\Documents\macemu\BasiliskII\src\Windows\extfs_windows.cpp(256): warning C4267: 'initializing': conversion from 'size_t' to 'int', possible loss of data
C:\Users\edwar\OneDrive\Documents\macemu\BasiliskII\src\Windows\extfs_windows.cpp(258): warning C4267: 'initializing': conversion from 'size_t' to 'int', possible loss of data
C:\Users\edwar\OneDrive\Documents\macemu\BasiliskII\src\Windows\extfs_windows.cpp(331): warning C4267: 'argument': conversion from 'size_t' to 'unsigned int', possible loss of data
C:\Users\edwar\OneDrive\Documents\macemu\BasiliskII\src\Windows\extfs_windows.cpp(342): warning C4267: 'argument': conversion from 'size_t' to 'unsigned int', possible loss of data
  main_windows.cpp
C:\Users\edwar\OneDrive\Documents\macemu\BasiliskII\src\uae_cpu\memory.h(129): warning C4312: 'type cast': conversion from 'uintptr' to 'uint8 *' of greater size
C:\Users\edwar\OneDrive\Documents\macemu\BasiliskII\src\uae_cpu\memory.h(133): warning C4311: 'type cast': pointer truncation from 'uint8 *' to 'uintptr'
C:\Users\edwar\OneDrive\Documents\macemu\BasiliskII\src\uae_cpu\memory.h(133): warning C4302: 'type cast': truncation from 'uint8 *' to 'uintptr'
C:\Users\edwar\OneDrive\Documents\macemu\BasiliskII\src\Windows\main_windows.cpp(142): warning C4311: 'type cast': pointer truncation from 'sigsegv_address_t' to 'uintptr'
C:\Users\edwar\OneDrive\Documents\macemu\BasiliskII\src\Windows\main_windows.cpp(142): warning C4302: 'type cast': truncation from 'sigsegv_address_t' to 'uintptr'
C:\Users\edwar\OneDrive\Documents\macemu\BasiliskII\src\Windows\main_windows.cpp(152): warning C4311: 'type cast': pointer truncation from 'uint8 *' to 'uintptr'
C:\Users\edwar\OneDrive\Documents\macemu\BasiliskII\src\Windows\main_windows.cpp(152): warning C4302: 'type cast': truncation from 'uint8 *' to 'uintptr'
C:\Users\edwar\OneDrive\Documents\macemu\BasiliskII\src\Windows\main_windows.cpp(356): warning C4311: 'type cast': pointer truncation from 'uint8 *' to 'uintptr'
C:\Users\edwar\OneDrive\Documents\macemu\BasiliskII\src\Windows\main_windows.cpp(356): warning C4302: 'type cast': truncation from 'uint8 *' to 'uintptr'
  posix_emu.cpp
C:\Users\edwar\OneDrive\Documents\macemu\BasiliskII\src\uae_cpu\memory.h(129): warning C4312: 'type cast': conversion from 'uintptr' to 'uint8 *' of greater size
C:\Users\edwar\OneDrive\Documents\macemu\BasiliskII\src\uae_cpu\memory.h(133): warning C4311: 'type cast': pointer truncation from 'uint8 *' to 'uintptr'
C:\Users\edwar\OneDrive\Documents\macemu\BasiliskII\src\uae_cpu\memory.h(133): warning C4302: 'type cast': truncation from 'uint8 *' to 'uintptr'
C:\Users\edwar\OneDrive\Documents\macemu\BasiliskII\src\Windows\posix_emu.cpp(379): warning C4267: 'argument': conversion from 'size_t' to 'DWORD', possible loss of data
C:\Users\edwar\OneDrive\Documents\macemu\BasiliskII\src\Windows\posix_emu.cpp(432): warning C4267: 'initializing': conversion from 'size_t' to 'int', possible loss of data
C:\Users\edwar\OneDrive\Documents\macemu\BasiliskII\src\Windows\posix_emu.cpp(517): warning C4267: 'initializing': conversion from 'size_t' to 'int', possible loss of data
C:\Users\edwar\OneDrive\Documents\macemu\BasiliskII\src\Windows\posix_emu.cpp(710): warning C4312: 'type cast': conversion from 'unsigned int' to 'HANDLE' of greater size
C:\Users\edwar\OneDrive\Documents\macemu\BasiliskII\src\Windows\posix_emu.cpp(745): warning C4312: 'type cast': conversion from 'unsigned int' to 'HANDLE' of greater size
C:\Users\edwar\OneDrive\Documents\macemu\BasiliskII\src\Windows\posix_emu.cpp(794): warning C4312: 'type cast': conversion from 'unsigned int' to 'HANDLE' of greater size
C:\Users\edwar\OneDrive\Documents\macemu\BasiliskII\src\Windows\posix_emu.cpp(1070): warning C4267: 'argument': conversion from 'size_t' to 'long', possible loss of data
  prefs_windows.cpp
  serial_windows.cpp
C:\Users\edwar\OneDrive\Documents\macemu\BasiliskII\src\Windows\serial_windows.cpp(32): warning C4005: 'min': macro redefinition
  C:\Program Files (x86)\Microsoft SDKs\Windows\v7.1A\include\windef.h(194): note: see previous definition of 'min'
C:\Users\edwar\OneDrive\Documents\macemu\BasiliskII\src\uae_cpu\memory.h(129): warning C4312: 'type cast': conversion from 'uintptr' to 'uint8 *' of greater size
C:\Users\edwar\OneDrive\Documents\macemu\BasiliskII\src\uae_cpu\memory.h(133): warning C4311: 'type cast': pointer truncation from 'uint8 *' to 'uintptr'
C:\Users\edwar\OneDrive\Documents\macemu\BasiliskII\src\uae_cpu\memory.h(133): warning C4302: 'type cast': truncation from 'uint8 *' to 'uintptr'
C:\Users\edwar\OneDrive\Documents\macemu\BasiliskII\src\Windows\serial_windows.cpp(98): warning C4267: 'initializing': conversion from 'size_t' to 'DWORD', possible loss of data
  sys_windows.cpp
C:\Users\edwar\OneDrive\Documents\macemu\BasiliskII\src\uae_cpu\memory.h(129): warning C4312: 'type cast': conversion from 'uintptr' to 'uint8 *' of greater size
C:\Users\edwar\OneDrive\Documents\macemu\BasiliskII\src\uae_cpu\memory.h(133): warning C4311: 'type cast': pointer truncation from 'uint8 *' to 'uintptr'
C:\Users\edwar\OneDrive\Documents\macemu\BasiliskII\src\uae_cpu\memory.h(133): warning C4302: 'type cast': truncation from 'uint8 *' to 'uintptr'
C:\Users\edwar\OneDrive\Documents\macemu\BasiliskII\src\Windows\sys_windows.cpp(458): warning C4267: 'initializing': conversion from 'size_t' to 'int', possible loss of data
C:\Users\edwar\OneDrive\Documents\macemu\BasiliskII\src\Windows\sys_windows.cpp(463): warning C4267: '=': conversion from 'size_t' to 'int', possible loss of data
C:\Users\edwar\OneDrive\Documents\macemu\BasiliskII\src\Windows\sys_windows.cpp(614): warning C4267: 'argument': conversion from 'size_t' to 'int', possible loss of data
C:\Users\edwar\OneDrive\Documents\macemu\BasiliskII\src\Windows\sys_windows.cpp(619): warning C4267: '=': conversion from 'size_t' to 'int', possible loss of data
C:\Users\edwar\OneDrive\Documents\macemu\BasiliskII\src\Windows\sys_windows.cpp(663): warning C4267: 'argument': conversion from 'size_t' to 'DWORD', possible loss of data
  timer_windows.cpp
C:\Users\edwar\OneDrive\Documents\macemu\BasiliskII\src\uae_cpu\memory.h(129): warning C4312: 'type cast': conversion from 'uintptr' to 'uint8 *' of greater size
C:\Users\edwar\OneDrive\Documents\macemu\BasiliskII\src\uae_cpu\memory.h(133): warning C4311: 'type cast': pointer truncation from 'uint8 *' to 'uintptr'
C:\Users\edwar\OneDrive\Documents\macemu\BasiliskII\src\uae_cpu\memory.h(133): warning C4302: 'type cast': truncation from 'uint8 *' to 'uintptr'
  user_strings_windows.cpp
  util_windows.cpp
C:\Users\edwar\OneDrive\Documents\macemu\BasiliskII\src\Windows\util_windows.cpp(62): warning C4267: 'argument': conversion from 'size_t' to 'int', possible loss of data
C:\Users\edwar\OneDrive\Documents\macemu\BasiliskII\src\Windows\util_windows.cpp(67): warning C4267: 'argument': conversion from 'size_t' to 'int', possible loss of data
C:\Users\edwar\OneDrive\Documents\macemu\BasiliskII\src\Windows\util_windows.cpp(74): warning C4267: 'argument': conversion from 'size_t' to 'int', possible loss of data
C:\Users\edwar\OneDrive\Documents\macemu\BasiliskII\src\Windows\util_windows.cpp(79): warning C4267: 'argument': conversion from 'size_t' to 'int', possible loss of data
C:\Users\edwar\OneDrive\Documents\macemu\BasiliskII\src\Windows\util_windows.cpp(97): warning C4267: 'argument': conversion from 'size_t' to 'int', possible loss of data
C:\Users\edwar\OneDrive\Documents\macemu\BasiliskII\src\Windows\util_windows.cpp(138): warning C4267: 'argument': conversion from 'size_t' to 'int', possible loss of data
C:\Users\edwar\OneDrive\Documents\macemu\BasiliskII\src\Windows\util_windows.cpp(259): warning C4267: 'argument': conversion from 'size_t' to 'UINT', possible loss of data
C:\Users\edwar\OneDrive\Documents\macemu\BasiliskII\src\Windows\util_windows.cpp(325): warning C4267: '=': conversion from 'size_t' to 'DWORD', possible loss of data
C:\Users\edwar\OneDrive\Documents\macemu\BasiliskII\src\Windows\util_windows.cpp(350): warning C4267: '=': conversion from 'size_t' to 'DWORD', possible loss of data
C:\Users\edwar\OneDrive\Documents\macemu\BasiliskII\src\Windows\util_windows.cpp(435): warning C4267: '=': conversion from 'size_t' to 'DWORD', possible loss of data
C:\Users\edwar\OneDrive\Documents\macemu\BasiliskII\src\Windows\util_windows.cpp(459): warning C4267: '=': conversion from 'size_t' to 'DWORD', possible loss of data
C:\Users\edwar\OneDrive\Documents\macemu\BasiliskII\src\Windows\util_windows.cpp(469): warning C4267: '=': conversion from 'size_t' to 'DWORD', possible loss of data
C:\Users\edwar\OneDrive\Documents\macemu\BasiliskII\src\Windows\util_windows.cpp(502): warning C4267: '+=': conversion from 'size_t' to 'DWORD', possible loss of data
C:\Users\edwar\OneDrive\Documents\macemu\BasiliskII\src\Windows\util_windows.cpp(508): warning C4267: '=': conversion from 'size_t' to 'DWORD', possible loss of data
  xpram_windows.cpp
  Generating Code...
  arp.cpp
C:\Users\edwar\OneDrive\Documents\macemu\BasiliskII\src\uae_cpu\memory.h(129): warning C4312: 'type cast': conversion from 'uintptr' to 'uint8 *' of greater size
C:\Users\edwar\OneDrive\Documents\macemu\BasiliskII\src\uae_cpu\memory.h(133): warning C4311: 'type cast': pointer truncation from 'uint8 *' to 'uintptr'
C:\Users\edwar\OneDrive\Documents\macemu\BasiliskII\src\uae_cpu\memory.h(133): warning C4302: 'type cast': truncation from 'uint8 *' to 'uintptr'
  dump.cpp
  dynsockets.cpp
  ftp.cpp
C:\Users\edwar\OneDrive\Documents\macemu\BasiliskII\src\Windows\router\ftp.cpp(96): warning C4267: '=': conversion from 'size_t' to 'int', possible loss of data
  icmp.cpp
C:\Users\edwar\OneDrive\Documents\macemu\BasiliskII\src\uae_cpu\memory.h(129): warning C4312: 'type cast': conversion from 'uintptr' to 'uint8 *' of greater size
C:\Users\edwar\OneDrive\Documents\macemu\BasiliskII\src\uae_cpu\memory.h(133): warning C4311: 'type cast': pointer truncation from 'uint8 *' to 'uintptr'
C:\Users\edwar\OneDrive\Documents\macemu\BasiliskII\src\uae_cpu\memory.h(133): warning C4302: 'type cast': truncation from 'uint8 *' to 'uintptr'
  iphelp.cpp
C:\Users\edwar\OneDrive\Documents\macemu\BasiliskII\src\uae_cpu\memory.h(129): warning C4312: 'type cast': conversion from 'uintptr' to 'uint8 *' of greater size
C:\Users\edwar\OneDrive\Documents\macemu\BasiliskII\src\uae_cpu\memory.h(133): warning C4311: 'type cast': pointer truncation from 'uint8 *' to 'uintptr'
C:\Users\edwar\OneDrive\Documents\macemu\BasiliskII\src\uae_cpu\memory.h(133): warning C4302: 'type cast': truncation from 'uint8 *' to 'uintptr'
C:\Users\edwar\OneDrive\Documents\macemu\BasiliskII\src\Windows\router\iphelp.cpp(48): warning C4267: 'initializing': conversion from 'size_t' to 'uint16', possible loss of data
  ipsocket.cpp
C:\Users\edwar\OneDrive\Documents\macemu\BasiliskII\src\uae_cpu\memory.h(129): warning C4312: 'type cast': conversion from 'uintptr' to 'uint8 *' of greater size
C:\Users\edwar\OneDrive\Documents\macemu\BasiliskII\src\uae_cpu\memory.h(133): warning C4311: 'type cast': pointer truncation from 'uint8 *' to 'uintptr'
C:\Users\edwar\OneDrive\Documents\macemu\BasiliskII\src\uae_cpu\memory.h(133): warning C4302: 'type cast': truncation from 'uint8 *' to 'uintptr'
  router.cpp
C:\Users\edwar\OneDrive\Documents\macemu\BasiliskII\src\uae_cpu\memory.h(129): warning C4312: 'type cast': conversion from 'uintptr' to 'uint8 *' of greater size
C:\Users\edwar\OneDrive\Documents\macemu\BasiliskII\src\uae_cpu\memory.h(133): warning C4311: 'type cast': pointer truncation from 'uint8 *' to 'uintptr'
C:\Users\edwar\OneDrive\Documents\macemu\BasiliskII\src\uae_cpu\memory.h(133): warning C4302: 'type cast': truncation from 'uint8 *' to 'uintptr'
  tcp.cpp
C:\Users\edwar\OneDrive\Documents\macemu\BasiliskII\src\uae_cpu\memory.h(129): warning C4312: 'type cast': conversion from 'uintptr' to 'uint8 *' of greater size
C:\Users\edwar\OneDrive\Documents\macemu\BasiliskII\src\uae_cpu\memory.h(133): warning C4311: 'type cast': pointer truncation from 'uint8 *' to 'uintptr'
C:\Users\edwar\OneDrive\Documents\macemu\BasiliskII\src\uae_cpu\memory.h(133): warning C4302: 'type cast': truncation from 'uint8 *' to 'uintptr'
C:\Users\edwar\OneDrive\Documents\macemu\BasiliskII\src\Windows\router\tcp.cpp(286): warning C4312: 'type cast': conversion from 'int' to 'HANDLE' of greater size
C:\Users\edwar\OneDrive\Documents\macemu\BasiliskII\src\Windows\router\tcp.cpp(288): warning C4312: 'type cast': conversion from 'int' to 'HANDLE' of greater size
C:\Users\edwar\OneDrive\Documents\macemu\BasiliskII\src\Windows\router\tcp.cpp(694): warning C4311: 'type cast': pointer truncation from 'HANDLE' to 'int'
C:\Users\edwar\OneDrive\Documents\macemu\BasiliskII\src\Windows\router\tcp.cpp(694): warning C4302: 'type cast': truncation from 'HANDLE' to 'int'
C:\Users\edwar\OneDrive\Documents\macemu\BasiliskII\src\Windows\router\tcp.cpp(778): warning C4311: 'type cast': pointer truncation from 'HANDLE' to 'int'
C:\Users\edwar\OneDrive\Documents\macemu\BasiliskII\src\Windows\router\tcp.cpp(778): warning C4302: 'type cast': truncation from 'HANDLE' to 'int'
  udp.cpp
C:\Users\edwar\OneDrive\Documents\macemu\BasiliskII\src\uae_cpu\memory.h(129): warning C4312: 'type cast': conversion from 'uintptr' to 'uint8 *' of greater size
C:\Users\edwar\OneDrive\Documents\macemu\BasiliskII\src\uae_cpu\memory.h(133): warning C4311: 'type cast': pointer truncation from 'uint8 *' to 'uintptr'
C:\Users\edwar\OneDrive\Documents\macemu\BasiliskII\src\uae_cpu\memory.h(133): warning C4302: 'type cast': truncation from 'uint8 *' to 'uintptr'
  Generating Code...
  interfaces.cpp
  mibaccess.cpp
  Generating Code...
  BasiliskII.vcxproj -> C:\Users\edwar\OneDrive\Documents\macemu\BasiliskII\src\Windows\x64\Debug\BasiliskII.exe
