c:\users\edwar\onedrive\documents\macemu\basiliskii\src\windows\x64\debug\vc141.pdb
c:\users\edwar\onedrive\documents\macemu\basiliskii\src\windows\x64\debug\vc141.idb
c:\users\edwar\onedrive\documents\macemu\basiliskii\src\windows\x64\video.obj
c:\users\edwar\onedrive\documents\macemu\basiliskii\src\windows\x64\main.obj
c:\users\edwar\onedrive\documents\macemu\basiliskii\src\windows\x64\prefs_items.obj
c:\users\edwar\onedrive\documents\macemu\basiliskii\src\windows\x64\prefs.obj
c:\users\edwar\onedrive\documents\macemu\basiliskii\src\windows\x64\macos_util.obj
c:\users\edwar\onedrive\documents\macemu\basiliskii\src\windows\x64\adb.obj
c:\users\edwar\onedrive\documents\macemu\basiliskii\src\windows\x64\extfs.obj
c:\users\edwar\onedrive\documents\macemu\basiliskii\src\windows\x64\debug\cdenable\ntcd.obj
c:\users\edwar\onedrive\documents\macemu\basiliskii\src\windows\x64\debug\timer_windows.obj
c:\users\edwar\onedrive\documents\macemu\basiliskii\src\windows\x64\debug\ether_windows.obj
c:\users\edwar\onedrive\documents\macemu\basiliskii\src\windows\x64\debug\xpram_windows.obj
c:\users\edwar\onedrive\documents\macemu\basiliskii\src\windows\x64\debug\prefs_windows.obj
c:\users\edwar\onedrive\documents\macemu\basiliskii\src\windows\x64\debug\util_windows.obj
c:\users\edwar\onedrive\documents\macemu\basiliskii\src\windows\x64\debug\user_strings_windows.obj
c:\users\edwar\onedrive\documents\macemu\basiliskii\src\windows\x64\debug\serial_windows.obj
c:\users\edwar\onedrive\documents\macemu\basiliskii\src\windows\x64\debug\sys_windows.obj
c:\users\edwar\onedrive\documents\macemu\basiliskii\src\windows\x64\debug\posix_emu.obj
c:\users\edwar\onedrive\documents\macemu\basiliskii\src\windows\x64\debug\main_windows.obj
c:\users\edwar\onedrive\documents\macemu\basiliskii\src\windows\x64\debug\extfs_windows.obj
c:\users\edwar\onedrive\documents\macemu\basiliskii\src\windows\x64\user_strings.obj
c:\users\edwar\onedrive\documents\macemu\basiliskii\src\windows\x64\timer.obj
c:\users\edwar\onedrive\documents\macemu\basiliskii\src\windows\x64\sony.obj
c:\users\edwar\onedrive\documents\macemu\basiliskii\src\windows\x64\slot_rom.obj
c:\users\edwar\onedrive\documents\macemu\basiliskii\src\windows\x64\serial.obj
c:\users\edwar\onedrive\documents\macemu\basiliskii\src\windows\x64\scsi.obj
c:\users\edwar\onedrive\documents\macemu\basiliskii\src\windows\x64\rsrc_patches.obj
c:\users\edwar\onedrive\documents\macemu\basiliskii\src\windows\x64\rom_patches.obj
c:\users\edwar\onedrive\documents\macemu\basiliskii\src\windows\x64\ether.obj
c:\users\edwar\onedrive\documents\macemu\basiliskii\src\windows\x64\emul_op.obj
c:\users\edwar\onedrive\documents\macemu\basiliskii\src\windows\x64\disk.obj
c:\users\edwar\onedrive\documents\macemu\basiliskii\src\windows\x64\cdrom.obj
c:\users\edwar\onedrive\documents\macemu\basiliskii\src\windows\x64\audio.obj
c:\users\edwar\onedrive\documents\macemu\basiliskii\src\windows\x64\xpram.obj
c:\users\edwar\onedrive\documents\macemu\basiliskii\src\windows\x64\crossplatform\vm_alloc.obj
c:\users\edwar\onedrive\documents\macemu\basiliskii\src\windows\x64\crossplatform\video_blit.obj
c:\users\edwar\onedrive\documents\macemu\basiliskii\src\windows\x64\crossplatform\sigsegv.obj
c:\users\edwar\onedrive\documents\macemu\basiliskii\src\windows\x64\dummy\scsi_dummy.obj
c:\users\edwar\onedrive\documents\macemu\basiliskii\src\windows\x64\dummy\prefs_editor_dummy.obj
c:\users\edwar\onedrive\documents\macemu\basiliskii\src\windows\x64\sdl\video_sdl2.obj
c:\users\edwar\onedrive\documents\macemu\basiliskii\src\windows\x64\sdl\video_sdl.obj
c:\users\edwar\onedrive\documents\macemu\basiliskii\src\windows\x64\sdl\audio_sdl.obj
c:\users\edwar\onedrive\documents\macemu\basiliskii\src\windows\x64\slirp\udp.obj
c:\users\edwar\onedrive\documents\macemu\basiliskii\src\windows\x64\slirp\tftp.obj
c:\users\edwar\onedrive\documents\macemu\basiliskii\src\windows\x64\slirp\tcp_timer.obj
c:\users\edwar\onedrive\documents\macemu\basiliskii\src\windows\x64\slirp\tcp_subr.obj
c:\users\edwar\onedrive\documents\macemu\basiliskii\src\windows\x64\slirp\tcp_output.obj
c:\users\edwar\onedrive\documents\macemu\basiliskii\src\windows\x64\slirp\tcp_input.obj
c:\users\edwar\onedrive\documents\macemu\basiliskii\src\windows\x64\slirp\socket.obj
c:\users\edwar\onedrive\documents\macemu\basiliskii\src\windows\x64\slirp\slirp.obj
c:\users\edwar\onedrive\documents\macemu\basiliskii\src\windows\x64\slirp\sbuf.obj
c:\users\edwar\onedrive\documents\macemu\basiliskii\src\windows\x64\slirp\misc.obj
c:\users\edwar\onedrive\documents\macemu\basiliskii\src\windows\x64\slirp\mbuf.obj
c:\users\edwar\onedrive\documents\macemu\basiliskii\src\windows\x64\slirp\ip_output.obj
c:\users\edwar\onedrive\documents\macemu\basiliskii\src\windows\x64\slirp\ip_input.obj
c:\users\edwar\onedrive\documents\macemu\basiliskii\src\windows\x64\slirp\ip_icmp.obj
c:\users\edwar\onedrive\documents\macemu\basiliskii\src\windows\x64\slirp\if.obj
c:\users\edwar\onedrive\documents\macemu\basiliskii\src\windows\x64\slirp\debug.obj
c:\users\edwar\onedrive\documents\macemu\basiliskii\src\windows\x64\slirp\cksum.obj
c:\users\edwar\onedrive\documents\macemu\basiliskii\src\windows\x64\slirp\bootp.obj
c:\users\edwar\onedrive\documents\macemu\basiliskii\src\windows\x64\uae_cpu\readcpu.obj
c:\users\edwar\onedrive\documents\macemu\basiliskii\src\windows\x64\uae_cpu\newcpu.obj
c:\users\edwar\onedrive\documents\macemu\basiliskii\src\windows\x64\uae_cpu\memory.obj
c:\users\edwar\onedrive\documents\macemu\basiliskii\src\windows\x64\uae_cpu\cpustbl_nf.obj
c:\users\edwar\onedrive\documents\macemu\basiliskii\src\windows\x64\uae_cpu\cpustbl.obj
c:\users\edwar\onedrive\documents\macemu\basiliskii\src\windows\x64\uae_cpu\cpuemu_nf.obj
c:\users\edwar\onedrive\documents\macemu\basiliskii\src\windows\x64\uae_cpu\cpuemu.obj
c:\users\edwar\onedrive\documents\macemu\basiliskii\src\windows\x64\uae_cpu\cpudefs.obj
c:\users\edwar\onedrive\documents\macemu\basiliskii\src\windows\x64\uae_cpu\basilisk_glue.obj
c:\users\edwar\onedrive\documents\macemu\basiliskii\src\windows\x64\uae_cpu\fpu\fpu_ieee.obj
c:\users\edwar\onedrive\documents\macemu\basiliskii\src\windows\x64\debug\b2ether\packet32.obj
c:\users\edwar\onedrive\documents\macemu\basiliskii\src\windows\x64\debug\cdenable\eject_nt.obj
c:\users\edwar\onedrive\documents\macemu\basiliskii\src\windows\x64\debug\cdenable\cache.obj
c:\users\edwar\onedrive\documents\macemu\basiliskii\src\windows\x64\debug\clip_windows.obj
c:\users\edwar\onedrive\documents\macemu\basiliskii\src\windows\x64\debug\router\udp.obj
c:\users\edwar\onedrive\documents\macemu\basiliskii\src\windows\x64\debug\router\tcp.obj
c:\users\edwar\onedrive\documents\macemu\basiliskii\src\windows\x64\debug\router\router.obj
c:\users\edwar\onedrive\documents\macemu\basiliskii\src\windows\x64\debug\router\ipsocket.obj
c:\users\edwar\onedrive\documents\macemu\basiliskii\src\windows\x64\debug\router\iphelp.obj
c:\users\edwar\onedrive\documents\macemu\basiliskii\src\windows\x64\debug\router\icmp.obj
c:\users\edwar\onedrive\documents\macemu\basiliskii\src\windows\x64\debug\router\ftp.obj
c:\users\edwar\onedrive\documents\macemu\basiliskii\src\windows\x64\debug\router\dynsockets.obj
c:\users\edwar\onedrive\documents\macemu\basiliskii\src\windows\x64\debug\router\dump.obj
c:\users\edwar\onedrive\documents\macemu\basiliskii\src\windows\x64\debug\router\arp.obj
c:\users\edwar\onedrive\documents\macemu\basiliskii\src\windows\x64\debug\router\mib\mibaccess.obj
c:\users\edwar\onedrive\documents\macemu\basiliskii\src\windows\x64\debug\router\mib\interfaces.obj
c:\users\edwar\onedrive\documents\macemu\basiliskii\src\uae_cpu\cpustbl.cpp
c:\users\edwar\onedrive\documents\macemu\basiliskii\src\uae_cpu\cpustbl_nf.cpp
c:\users\edwar\onedrive\documents\macemu\basiliskii\src\uae_cpu\cputbl.h
c:\users\edwar\onedrive\documents\macemu\basiliskii\src\uae_cpu\cpuemu.cpp
c:\users\edwar\onedrive\documents\macemu\basiliskii\src\uae_cpu\cpuemu_nf.cpp
c:\users\edwar\onedrive\documents\macemu\basiliskii\src\uae_cpu\compstbl.cpp
c:\users\edwar\onedrive\documents\macemu\basiliskii\src\uae_cpu\comptbl.h
c:\users\edwar\onedrive\documents\macemu\basiliskii\src\uae_cpu\compemu.cpp
c:\users\edwar\onedrive\documents\macemu\basiliskii\src\windows\x64\debug\basiliskii.exe
c:\users\edwar\onedrive\documents\macemu\basiliskii\src\windows\x64\debug\basiliskii.ilk
c:\users\edwar\onedrive\documents\macemu\basiliskii\src\windows\x64\debug\basiliskii.pdb
c:\users\edwar\onedrive\documents\macemu\basiliskii\src\windows\x64\debug\basiliskii.res
c:\users\edwar\onedrive\documents\macemu\basiliskii\src\windows\x64\debug\build68k.obj
c:\users\edwar\onedrive\documents\macemu\basiliskii\src\windows\x64\debug\cpudefs.obj
c:\users\edwar\onedrive\documents\macemu\basiliskii\src\windows\x64\debug\gencomp.obj
c:\users\edwar\onedrive\documents\macemu\basiliskii\src\windows\x64\debug\gencpu.obj
c:\users\edwar\onedrive\documents\macemu\basiliskii\src\windows\x64\debug\readcpu.obj
c:\users\edwar\onedrive\documents\macemu\basiliskii\src\windows\x64\debug\build68k.ilk
c:\users\edwar\onedrive\documents\macemu\basiliskii\src\windows\x64\debug\gencomp.ilk
c:\users\edwar\onedrive\documents\macemu\basiliskii\src\windows\x64\debug\gencpu.ilk
c:\users\edwar\onedrive\documents\macemu\basiliskii\src\windows\x64\debug\vc142.idb
c:\users\edwar\onedrive\documents\macemu\basiliskii\src\windows\x64\debug\build68k.pdb
c:\users\edwar\onedrive\documents\macemu\basiliskii\src\windows\x64\debug\gencomp.pdb
c:\users\edwar\onedrive\documents\macemu\basiliskii\src\windows\x64\debug\gencpu.pdb
c:\users\edwar\onedrive\documents\macemu\basiliskii\src\windows\x64\debug\vc142.pdb
c:\users\edwar\onedrive\documents\macemu\basiliskii\src\windows\x64\debug\basiliskii.tlog\cl.command.1.tlog
c:\users\edwar\onedrive\documents\macemu\basiliskii\src\windows\x64\debug\basiliskii.tlog\cl.read.1.tlog
c:\users\edwar\onedrive\documents\macemu\basiliskii\src\windows\x64\debug\basiliskii.tlog\cl.write.1.tlog
c:\users\edwar\onedrive\documents\macemu\basiliskii\src\windows\x64\debug\basiliskii.tlog\custombuildstep.read.1u.tlog
c:\users\edwar\onedrive\documents\macemu\basiliskii\src\windows\x64\debug\basiliskii.tlog\custombuildstep.write.1u.tlog
c:\users\edwar\onedrive\documents\macemu\basiliskii\src\windows\x64\debug\basiliskii.tlog\link.command.1.tlog
c:\users\edwar\onedrive\documents\macemu\basiliskii\src\windows\x64\debug\basiliskii.tlog\link.read.1.tlog
c:\users\edwar\onedrive\documents\macemu\basiliskii\src\windows\x64\debug\basiliskii.tlog\link.write.1.tlog
c:\users\edwar\onedrive\documents\macemu\basiliskii\src\windows\x64\debug\basiliskii.tlog\rc.command.1.tlog
c:\users\edwar\onedrive\documents\macemu\basiliskii\src\windows\x64\debug\basiliskii.tlog\rc.read.1.tlog
c:\users\edwar\onedrive\documents\macemu\basiliskii\src\windows\x64\debug\basiliskii.tlog\rc.write.1.tlog
