c:\users\edwar\onedrive\documents\macemu\basiliskii\src\windows\x64\debug\vc142.pdb
c:\users\edwar\onedrive\documents\macemu\basiliskii\src\windows\x64\debug\vc142.idb
c:\users\edwar\onedrive\documents\macemu\basiliskii\src\windows\x64\debug\build68k.obj
c:\users\edwar\onedrive\documents\macemu\basiliskii\src\windows\x64\debug\build68k.ilk
c:\users\edwar\onedrive\documents\macemu\basiliskii\src\windows\x64\debug\build68k.exe
c:\users\edwar\onedrive\documents\macemu\basiliskii\src\windows\x64\debug\build68k.pdb
c:\users\edwar\onedrive\documents\macemu\basiliskii\src\windows\x64\debug\clip_windows.obj
c:\users\edwar\onedrive\documents\macemu\basiliskii\src\windows\x64\debug\cpudefs.obj
c:\users\edwar\onedrive\documents\macemu\basiliskii\src\windows\x64\debug\ether_windows.obj
c:\users\edwar\onedrive\documents\macemu\basiliskii\src\windows\x64\debug\extfs_windows.obj
c:\users\edwar\onedrive\documents\macemu\basiliskii\src\windows\x64\debug\gencomp.obj
c:\users\edwar\onedrive\documents\macemu\basiliskii\src\windows\x64\debug\gencpu.obj
c:\users\edwar\onedrive\documents\macemu\basiliskii\src\windows\x64\debug\main_windows.obj
c:\users\edwar\onedrive\documents\macemu\basiliskii\src\windows\x64\debug\posix_emu.obj
c:\users\edwar\onedrive\documents\macemu\basiliskii\src\windows\x64\debug\prefs_windows.obj
c:\users\edwar\onedrive\documents\macemu\basiliskii\src\windows\x64\debug\readcpu.obj
c:\users\edwar\onedrive\documents\macemu\basiliskii\src\windows\x64\debug\serial_windows.obj
c:\users\edwar\onedrive\documents\macemu\basiliskii\src\windows\x64\debug\sys_windows.obj
c:\users\edwar\onedrive\documents\macemu\basiliskii\src\windows\x64\debug\timer_windows.obj
c:\users\edwar\onedrive\documents\macemu\basiliskii\src\windows\x64\debug\user_strings_windows.obj
c:\users\edwar\onedrive\documents\macemu\basiliskii\src\windows\x64\debug\util_windows.obj
c:\users\edwar\onedrive\documents\macemu\basiliskii\src\windows\x64\debug\xpram_windows.obj
c:\users\edwar\onedrive\documents\macemu\basiliskii\src\windows\x64\debug\gencomp.ilk
c:\users\edwar\onedrive\documents\macemu\basiliskii\src\windows\x64\debug\gencpu.ilk
c:\users\edwar\onedrive\documents\macemu\basiliskii\src\windows\x64\debug\vc141.idb
c:\users\edwar\onedrive\documents\macemu\basiliskii\src\windows\x64\debug\gencomp.pdb
c:\users\edwar\onedrive\documents\macemu\basiliskii\src\windows\x64\debug\gencpu.pdb
c:\users\edwar\onedrive\documents\macemu\basiliskii\src\windows\x64\debug\vc141.pdb
c:\users\edwar\onedrive\documents\macemu\basiliskii\src\windows\x64\debug\build68k.tlog\cl.command.1.tlog
c:\users\edwar\onedrive\documents\macemu\basiliskii\src\windows\x64\debug\build68k.tlog\cl.read.1.tlog
c:\users\edwar\onedrive\documents\macemu\basiliskii\src\windows\x64\debug\build68k.tlog\cl.write.1.tlog
c:\users\edwar\onedrive\documents\macemu\basiliskii\src\windows\x64\debug\build68k.tlog\link.command.1.tlog
c:\users\edwar\onedrive\documents\macemu\basiliskii\src\windows\x64\debug\build68k.tlog\link.read.1.tlog
c:\users\edwar\onedrive\documents\macemu\basiliskii\src\windows\x64\debug\build68k.tlog\link.write.1.tlog
