c:\users\edwar\onedrive\documents\macemu\basiliskii\src\windows\x64\debug\vc142.pdb
c:\users\edwar\onedrive\documents\macemu\basiliskii\src\windows\x64\debug\vc142.idb
c:\users\edwar\onedrive\documents\macemu\basiliskii\src\windows\x64\debug\readcpu.obj
c:\users\edwar\onedrive\documents\macemu\basiliskii\src\windows\x64\debug\cpudefs.obj
c:\users\edwar\onedrive\documents\macemu\basiliskii\src\windows\x64\debug\gencpu.obj
c:\users\edwar\onedrive\documents\macemu\basiliskii\src\uae_cpu\cpudefs.cpp
c:\users\edwar\onedrive\documents\macemu\basiliskii\src\windows\x64\debug\gencpu.ilk
c:\users\edwar\onedrive\documents\macemu\basiliskii\src\windows\x64\debug\gencpu.exe
c:\users\edwar\onedrive\documents\macemu\basiliskii\src\windows\x64\debug\gencpu.pdb
c:\users\edwar\onedrive\documents\macemu\basiliskii\src\windows\x64\debug\build68k.obj
c:\users\edwar\onedrive\documents\macemu\basiliskii\src\windows\x64\debug\build68k.ilk
c:\users\edwar\onedrive\documents\macemu\basiliskii\src\windows\x64\debug\build68k.pdb
c:\users\edwar\onedrive\documents\macemu\basiliskii\src\windows\x64\debug\gencpu.tlog\cl.command.1.tlog
c:\users\edwar\onedrive\documents\macemu\basiliskii\src\windows\x64\debug\gencpu.tlog\cl.read.1.tlog
c:\users\edwar\onedrive\documents\macemu\basiliskii\src\windows\x64\debug\gencpu.tlog\cl.write.1.tlog
c:\users\edwar\onedrive\documents\macemu\basiliskii\src\windows\x64\debug\gencpu.tlog\custombuild.command.1.tlog
c:\users\edwar\onedrive\documents\macemu\basiliskii\src\windows\x64\debug\gencpu.tlog\custombuild.read.1.tlog
c:\users\edwar\onedrive\documents\macemu\basiliskii\src\windows\x64\debug\gencpu.tlog\custombuild.write.1.tlog
c:\users\edwar\onedrive\documents\macemu\basiliskii\src\windows\x64\debug\gencpu.tlog\link.command.1.tlog
c:\users\edwar\onedrive\documents\macemu\basiliskii\src\windows\x64\debug\gencpu.tlog\link.read.1.tlog
c:\users\edwar\onedrive\documents\macemu\basiliskii\src\windows\x64\debug\gencpu.tlog\link.write.1.tlog
